#
# A fatal error has been detected by the Java Runtime Environment:
#
#  SIGSEGV (0xb) at pc=0x00007fdec409c097, pid=636752, tid=0x00007fdec39176c0
#
# JRE version: OpenJDK Runtime Environment (8.0_352-b08) (build 1.8.0_352-b08)
# Java VM: OpenJDK 64-Bit Server VM (25.352-b08 mixed mode linux-amd64 compressed oops)
# Problematic frame:
# V  [libjvm.so+0x69c097]
#
# Core dump written. Default location: /home/fan87/Desktop/java-injector/core or core.636752
#
# If you would like to submit a bug report, please visit:
#   http://bugreport.java.com/bugreport/crash.jsp
#

---------------  T H R E A D  ---------------

Current thread (0x00007fdebc00b800):  JavaThread "main" [_thread_in_vm, id=636753, stack(0x00007fdec3818000,0x00007fdec3918000)]

siginfo: si_signo: 11 (SIGSEGV), si_code: 1 (SEGV_MAPERR), si_addr: 0x000000000003fefc

Registers:
RAX=0x0000000000000000, RBX=0x00007fdebc00b800, RCX=0x0000000000000003, RDX=0x000000000003fef0
RSP=0x00007fdec3913738, RBP=0x00007fdec3913780, RSI=0x0000000000000000, RDI=0x0000000000000001
R8 =0x000000000003fef0, R9 =0x00007fdec3913900, R10=0x00007fdead0183fb, R11=0x00007fdec4424300
R12=0x00007fdec3913918, R13=0x0000000000000000, R14=0x00007fdebc00ba60, R15=0x00007fdec39137b0
RIP=0x00007fdec409c097, EFLAGS=0x0000000000010246, CSGSFS=0x002b000000000033, ERR=0x0000000000000004
  TRAPNO=0x000000000000000e

Top of Stack: (sp=0x00007fdec3913738)
0x00007fdec3913738:   00007fdec41086fd 00007fdebc00b800
0x00007fdec3913748:   0000000000000000 00007fde00000000
0x00007fdec3913758:   00007fdec04ad388 00007fdec39137b0
0x00007fdec3913768:   00007fdec3913918 00007fdec04a41f0
0x00007fdec3913778:   00007fdebc00ba60 00007fdec3913870
0x00007fdec3913788:   00007fdec37f6490 00007fdebc00b800
0x00007fdec3913798:   00007fdec3913900 0000000000000000
0x00007fdec39137a8:   0000000700000001 00007fdec3914a90
0x00007fdec39137b8:   00007fdec3914a94 00007fdec3913820
0x00007fdec39137c8:   00007fdead007d80 00007fdead007d80
0x00007fdec39137d8:   0000000000000000 00007fdec39137e0
0x00007fdec39137e8:   00007fdec06752d4 00007fdec3913898
0x00007fdec39137f8:   00007fdec06755f8 0000000000000000
0x00007fdec3913808:   00007fdec0675360 0000000000000000
0x00007fdec3913818:   00007fdec3913870 00007fdebc30fb00
0x00007fdec3913828:   00000000ec8bb679 00007fdec0034404
0x00007fdec3913838:   affc500710856300 00007fdec39138f4
0x00007fdec3913848:   00007fdec04a41f8 0000000000000000
0x00007fdec3913858:   00007fdec04a41f0 00007fdec3913918
0x00007fdec3913868:   00007fdebc00b800 00007fdec39138e0
0x00007fdec3913878:   00007fdead018427 0000000000000000
0x00007fdec3913888:   00007fdec04a4a70 0000000000000000
0x00007fdec3913898:   00007fdec39138b0 00007fdec39138a0
0x00007fdec39138a8:   0000000000000000 00007fdec3913918
0x00007fdec39138b8:   00007fdec0553938 0000000000000000
0x00007fdec39138c8:   00007fdec04a41f8 0000000000000000
0x00007fdec39138d8:   00007fdec3913900 00007fdec3913960
0x00007fdec39138e8:   00007fdead007d80 0000000743b80ac8
0x00007fdec39138f8:   00007fdead011a5b 0000000743b80be0
0x00007fdec3913908:   0000000000000000 0000000000000001
0x00007fdec3913918:   00007fdec089abe8 00007fdec3913920
0x00007fdec3913928:   00007fdec04a4043 00007fdec3913978 

Instructions: (pc=0x00007fdec409c097)
0x00007fdec409c077:   48 8d 05 b2 c7 72 00 8b 48 08 48 d3 e2 48 03 10
0x00007fdec409c087:   48 8d 05 94 a9 74 00 80 38 01 48 19 c0 83 e0 04
0x00007fdec409c097:   8b 44 02 0c eb 94 0f 1f 00 48 8b 12 eb e2 90 66
0x00007fdec409c0a7:   2e 0f 1f 84 00 00 00 00 00 f3 0f 1e fa 48 8d 15 

Register to memory mapping:

RAX=0x0000000000000000 is an unknown value
RBX=0x00007fdebc00b800 is a thread
RCX=0x0000000000000003 is an unknown value
RDX=0x000000000003fef0 is an unknown value
RSP=0x00007fdec3913738 is pointing into the stack for thread: 0x00007fdebc00b800
RBP=0x00007fdec3913780 is pointing into the stack for thread: 0x00007fdebc00b800
RSI=0x0000000000000000 is an unknown value
RDI=0x0000000000000001 is an unknown value
R8 =0x000000000003fef0 is an unknown value
R9 =0x00007fdec3913900 is pointing into the stack for thread: 0x00007fdebc00b800
R10=0x00007fdead0183fb is at code_begin+859 in an Interpreter codelet
method entry point (kind = native)  [0x00007fdead0180a0, 0x00007fdead018a40]  2464 bytes
R11=0x00007fdec4424300: <offset 0xa24300> in /usr/lib/jvm/java-8-openjdk/jre/lib/amd64/server/libjvm.so at 0x00007fdec3a00000
R12=0x00007fdec3913918 is pointing into the stack for thread: 0x00007fdebc00b800
R13=0x0000000000000000 is an unknown value
R14=0x00007fdebc00ba60 is an unknown value
R15=0x00007fdec39137b0 is pointing into the stack for thread: 0x00007fdebc00b800


Stack: [0x00007fdec3818000,0x00007fdec3918000],  sp=0x00007fdec3913738,  free space=1005k
Native frames: (J=compiled Java code, j=interpreted, Vv=VM code, C=native code)
V  [libjvm.so+0x69c097]
C  [libjava.so+0xd490]  Java_java_lang_Class_forName0+0x60
j  java.lang.Class.forName0(Ljava/lang/String;ZLjava/lang/ClassLoader;Ljava/lang/Class;)Ljava/lang/Class;+0
j  java.lang.Class.forName(Ljava/lang/String;)Ljava/lang/Class;+11
v  ~StubRoutines::call_stub
V  [libjvm.so+0x698e46]
V  [libjvm.so+0x7161c1]
V  [libjvm.so+0x717afe]
C  [6eb2d293-6ad8-462a-aeac-4df27c83bc88.so+0x3c7d]  JNIEnv_::CallStaticObjectMethod(_jclass*, _jmethodID*, ...)+0xcb
C  [6eb2d293-6ad8-462a-aeac-4df27c83bc88.so+0x31f3]  ClassFileLoad(_jvmtiEnv*, JNIEnv_*, _jclass*, _jobject*, char const*, _jobject*, int, unsigned char const*, int*, unsigned char**)+0x77
V  [libjvm.so+0x7dc313]
V  [libjvm.so+0x7cbe55]
V  [libjvm.so+0x449f47]
V  [libjvm.so+0xaa3ad2]
V  [libjvm.so+0x7443fa]
V  [libjvm.so+0x746884]  JVM_DefineClassWithSource+0x84
C  [libjava.so+0xd9c5]  Java_java_lang_ClassLoader_defineClass1+0x185
j  java.lang.ClassLoader.defineClass1(Ljava/lang/String;[BIILjava/security/ProtectionDomain;Ljava/lang/String;)Ljava/lang/Class;+0
j  java.lang.ClassLoader.defineClass(Ljava/lang/String;[BIILjava/security/ProtectionDomain;)Ljava/lang/Class;+27
j  java.security.SecureClassLoader.defineClass(Ljava/lang/String;[BIILjava/security/CodeSource;)Ljava/lang/Class;+12
j  java.net.URLClassLoader.defineClass(Ljava/lang/String;Lsun/misc/Resource;)Ljava/lang/Class;+138
j  java.net.URLClassLoader.access$100(Ljava/net/URLClassLoader;Ljava/lang/String;Lsun/misc/Resource;)Ljava/lang/Class;+3
j  java.net.URLClassLoader$1.run()Ljava/lang/Class;+43
j  java.net.URLClassLoader$1.run()Ljava/lang/Object;+1
v  ~StubRoutines::call_stub
V  [libjvm.so+0x698e46]
V  [libjvm.so+0x756395]  JVM_DoPrivileged+0x2b5
j  java.security.AccessController.doPrivileged(Ljava/security/PrivilegedExceptionAction;Ljava/security/AccessControlContext;)Ljava/lang/Object;+0
j  java.net.URLClassLoader.findClass(Ljava/lang/String;)Ljava/lang/Class;+13
j  java.lang.ClassLoader.loadClass(Ljava/lang/String;Z)Ljava/lang/Class;+70
j  sun.misc.Launcher$AppClassLoader.loadClass(Ljava/lang/String;Z)Ljava/lang/Class;+81
j  java.lang.ClassLoader.loadClass(Ljava/lang/String;)Ljava/lang/Class;+3
v  ~StubRoutines::call_stub
V  [libjvm.so+0x698e46]
V  [libjvm.so+0x696578]
V  [libjvm.so+0x696c1a]
V  [libjvm.so+0xaa021e]
V  [libjvm.so+0xaa0ef2]
V  [libjvm.so+0xaa2cf5]
V  [libjvm.so+0x4de3e7]
V  [libjvm.so+0x6882fc]
j  me.fan87.javainjector.NativeInstrumentation.<init>()V+5
j  AgentMain.main([Ljava/lang/String;)V+6
v  ~StubRoutines::call_stub
V  [libjvm.so+0x698e46]
V  [libjvm.so+0x7161c1]
V  [libjvm.so+0x719010]
C  [libjli.so+0x3d8e]
C  [libc.so.6+0x868fd]

Java frames: (J=compiled Java code, j=interpreted, Vv=VM code)
j  java.lang.Class.forName0(Ljava/lang/String;ZLjava/lang/ClassLoader;Ljava/lang/Class;)Ljava/lang/Class;+0
j  java.lang.Class.forName(Ljava/lang/String;)Ljava/lang/Class;+11
v  ~StubRoutines::call_stub
j  java.lang.ClassLoader.defineClass1(Ljava/lang/String;[BIILjava/security/ProtectionDomain;Ljava/lang/String;)Ljava/lang/Class;+0
j  java.lang.ClassLoader.defineClass(Ljava/lang/String;[BIILjava/security/ProtectionDomain;)Ljava/lang/Class;+27
j  java.security.SecureClassLoader.defineClass(Ljava/lang/String;[BIILjava/security/CodeSource;)Ljava/lang/Class;+12
j  java.net.URLClassLoader.defineClass(Ljava/lang/String;Lsun/misc/Resource;)Ljava/lang/Class;+138
j  java.net.URLClassLoader.access$100(Ljava/net/URLClassLoader;Ljava/lang/String;Lsun/misc/Resource;)Ljava/lang/Class;+3
j  java.net.URLClassLoader$1.run()Ljava/lang/Class;+43
j  java.net.URLClassLoader$1.run()Ljava/lang/Object;+1
v  ~StubRoutines::call_stub
j  java.security.AccessController.doPrivileged(Ljava/security/PrivilegedExceptionAction;Ljava/security/AccessControlContext;)Ljava/lang/Object;+0
j  java.net.URLClassLoader.findClass(Ljava/lang/String;)Ljava/lang/Class;+13
j  java.lang.ClassLoader.loadClass(Ljava/lang/String;Z)Ljava/lang/Class;+70
j  sun.misc.Launcher$AppClassLoader.loadClass(Ljava/lang/String;Z)Ljava/lang/Class;+81
j  java.lang.ClassLoader.loadClass(Ljava/lang/String;)Ljava/lang/Class;+3
v  ~StubRoutines::call_stub
j  me.fan87.javainjector.NativeInstrumentation.<init>()V+5
j  AgentMain.main([Ljava/lang/String;)V+6
v  ~StubRoutines::call_stub

---------------  P R O C E S S  ---------------

Java Threads: ( => current thread )
  0x00007fdebc2e7800 JavaThread "Service Thread" daemon [_thread_blocked, id=636786, stack(0x00007fdea67fc000,0x00007fdea68fc000)]
  0x00007fdebc2c4000 JavaThread "C1 CompilerThread3" daemon [_thread_blocked, id=636785, stack(0x00007fdea68fd000,0x00007fdea69fd000)]
  0x00007fdebc2c2000 JavaThread "C2 CompilerThread2" daemon [_thread_blocked, id=636784, stack(0x00007fdea69fe000,0x00007fdea6afe000)]
  0x00007fdebc2bf800 JavaThread "C2 CompilerThread1" daemon [_thread_blocked, id=636783, stack(0x00007fdea6aff000,0x00007fdea6bff000)]
  0x00007fdebc2be000 JavaThread "C2 CompilerThread0" daemon [_thread_blocked, id=636782, stack(0x00007fdea6c00000,0x00007fdea6d00000)]
  0x00007fdebc283000 JavaThread "Monitor Ctrl-Break" daemon [_thread_in_native, id=636779, stack(0x00007fdea6d00000,0x00007fdea6e00000)]
  0x00007fdebc20b800 JavaThread "Signal Dispatcher" daemon [_thread_blocked, id=636777, stack(0x00007fdea70f4000,0x00007fdea71f4000)]
  0x00007fdebc1d8800 JavaThread "Finalizer" daemon [_thread_blocked, id=636771, stack(0x00007fdea71f4000,0x00007fdea72f4000)]
  0x00007fdebc1d4000 JavaThread "Reference Handler" daemon [_thread_blocked, id=636767, stack(0x00007fdea72f4000,0x00007fdea73f4000)]
=>0x00007fdebc00b800 JavaThread "main" [_thread_in_vm, id=636753, stack(0x00007fdec3818000,0x00007fdec3918000)]

Other Threads:
  0x00007fdebc1ca800 VMThread [stack: 0x00007fdea73f5000,0x00007fdea74f5000] [id=636765]
  0x00007fdebc2ea000 WatcherThread [stack: 0x00007fdea66fc000,0x00007fdea67fc000] [id=636787]

VM state:not at safepoint (normal execution)

VM Mutex/Monitor currently owned by a thread: None

heap address: 0x000000064b200000, size: 5966 MB, Compressed Oops mode: Zero based, Oop shift amount: 3
Narrow klass base: 0x0000000000000000, Narrow klass shift: 3
Compressed class space size: 1073741824 Address: 0x00000007c0000000

Heap:
 PSYoungGen      total 111616K, used 7926K [0x0000000743b80000, 0x000000074b800000, 0x00000007c0000000)
  eden space 95744K, 8% used [0x0000000743b80000,0x000000074433d9c8,0x0000000749900000)
  from space 15872K, 0% used [0x000000074a880000,0x000000074a880000,0x000000074b800000)
  to   space 15872K, 0% used [0x0000000749900000,0x0000000749900000,0x000000074a880000)
 ParOldGen       total 255488K, used 0K [0x000000064b200000, 0x000000065ab80000, 0x0000000743b80000)
  object space 255488K, 0% used [0x000000064b200000,0x000000064b200000,0x000000065ab80000)
 Metaspace       used 3658K, capacity 4604K, committed 4864K, reserved 1056768K
  class space    used 402K, capacity 428K, committed 512K, reserved 1048576K

Card table byte_map: [0x00007fdec2881000,0x00007fdec3429000] byte_map_base: 0x00007fdebf628000

Marking Bits: (ParMarkBitMap*) 0x00007fdec47f2fc0
 Begin Bits: [0x00007fde91590000, 0x00007fde972c8000)
 End Bits:   [0x00007fde972c8000, 0x00007fde9d000000)

Polling page: 0x00007fdec4a55000

CodeCache: size=245760Kb used=1259Kb max_used=1259Kb free=244500Kb
 bounds [0x00007fdead000000, 0x00007fdead270000, 0x00007fdebc000000]
 total_blobs=356 nmethods=88 adapters=182
 compilation: enabled

Compilation events (10 events):
Event: 0.136 Thread 0x00007fdebc2c4000 nmethod 79 0x00007fdead128d50 code [0x00007fdead128ea0, 0x00007fdead128fb0]
Event: 0.136 Thread 0x00007fdebc2c4000   81       3       java.util.HashMap$Node::<init> (26 bytes)
Event: 0.136 Thread 0x00007fdebc2c4000 nmethod 81 0x00007fdead128910 code [0x00007fdead128a80, 0x00007fdead128c70]
Event: 0.136 Thread 0x00007fdebc2c4000   82       1       java.util.HashMap$Node::getValue (5 bytes)
Event: 0.136 Thread 0x00007fdebc2c4000 nmethod 82 0x00007fdead12cd90 code [0x00007fdead12cee0, 0x00007fdead12cff0]
Event: 0.136 Thread 0x00007fdebc2c4000   75       1       java.util.LinkedHashMap::removeEldestEntry (2 bytes)
Event: 0.136 Thread 0x00007fdebc2c4000 nmethod 75 0x00007fdead12cad0 code [0x00007fdead12cc20, 0x00007fdead12cd30]
Event: 0.139 Thread 0x00007fdebc2c4000   83       3       java.io.File::isInvalid (47 bytes)
Event: 0.139 Thread 0x00007fdebc2c4000 nmethod 83 0x00007fdead12c290 code [0x00007fdead12c420, 0x00007fdead12c948]
Event: 0.140 Thread 0x00007fdebc2c4000   85  s!   3       sun.misc.URLClassPath::getLoader (243 bytes)

GC Heap History (0 events):
No events

Deoptimization events (1 events):
Event: 0.110 Thread 0x00007fdebc00b800 Uncommon trap: reason=unstable_if action=reinterpret pc=0x00007fdead121ce8 method=java.io.BufferedInputStream.read()I @ 8

Classes redefined (0 events):
No events

Internal exceptions (6 events):
Event: 0.028 Thread 0x00007fdebc00b800 Exception <a 'java/lang/NoSuchMethodError': Method sun.misc.Unsafe.defineClass(Ljava/lang/String;[BII)Ljava/lang/Class; name or signature does not match> (0x0000000743b87cd8) thrown at [/build/java8-openjdk/src/jdk8u-jdk8u352-b08/hotspot/src/share/vm/prim
Event: 0.028 Thread 0x00007fdebc00b800 Exception <a 'java/lang/NoSuchMethodError': Method sun.misc.Unsafe.prefetchRead(Ljava/lang/Object;J)V name or signature does not match> (0x0000000743b87fc0) thrown at [/build/java8-openjdk/src/jdk8u-jdk8u352-b08/hotspot/src/share/vm/prims/jni.cpp, line 40
Event: 0.103 Thread 0x00007fdebc00b800 Exception <a 'java/security/PrivilegedActionException'> (0x0000000743cdce90) thrown at [/build/java8-openjdk/src/jdk8u-jdk8u352-b08/hotspot/src/share/vm/prims/jvm.cpp, line 1512]
Event: 0.103 Thread 0x00007fdebc00b800 Exception <a 'java/security/PrivilegedActionException'> (0x0000000743cdd0a0) thrown at [/build/java8-openjdk/src/jdk8u-jdk8u352-b08/hotspot/src/share/vm/prims/jvm.cpp, line 1512]
Event: 0.103 Thread 0x00007fdebc00b800 Exception <a 'java/security/PrivilegedActionException'> (0x0000000743cdf560) thrown at [/build/java8-openjdk/src/jdk8u-jdk8u352-b08/hotspot/src/share/vm/prims/jvm.cpp, line 1512]
Event: 0.103 Thread 0x00007fdebc00b800 Exception <a 'java/security/PrivilegedActionException'> (0x0000000743cdf770) thrown at [/build/java8-openjdk/src/jdk8u-jdk8u352-b08/hotspot/src/share/vm/prims/jvm.cpp, line 1512]

Events (10 events):
Event: 0.137 loading class java/security/MessageDigest$Delegate
Event: 0.137 loading class sun/security/util/MessageDigestSpi2
Event: 0.138 loading class sun/security/util/MessageDigestSpi2 done
Event: 0.138 loading class java/security/MessageDigest$Delegate done
Event: 0.138 loading class sun/security/provider/ByteArrayAccess
Event: 0.138 loading class sun/security/provider/ByteArrayAccess done
Event: 0.138 loading class java/io/FileOutputStream$1
Event: 0.138 loading class java/io/FileOutputStream$1 done
Event: 0.140 loading class me/fan87/javainjector/TransformerManager
Event: 0.140 loading class me/fan87/javainjector/TransformerManager done


Dynamic libraries:
64b200000-65ab80000 rw-p 00000000 00:00 0 
65ab80000-743b80000 ---p 00000000 00:00 0 
743b80000-74b800000 rw-p 00000000 00:00 0 
74b800000-7c0000000 ---p 00000000 00:00 0 
7c0000000-7c0080000 rw-p 00000000 00:00 0 
7c0080000-800000000 ---p 00000000 00:00 0 
557e6bce4000-557e6bce5000 r--p 00000000 103:03 2245027                   /usr/lib/jvm/java-8-openjdk/jre/bin/java
557e6bce5000-557e6bce6000 r-xp 00001000 103:03 2245027                   /usr/lib/jvm/java-8-openjdk/jre/bin/java
557e6bce6000-557e6bce7000 r--p 00002000 103:03 2245027                   /usr/lib/jvm/java-8-openjdk/jre/bin/java
557e6bce7000-557e6bce8000 r--p 00002000 103:03 2245027                   /usr/lib/jvm/java-8-openjdk/jre/bin/java
557e6bce8000-557e6bce9000 rw-p 00003000 103:03 2245027                   /usr/lib/jvm/java-8-openjdk/jre/bin/java
557e6d447000-557e6d468000 rw-p 00000000 00:00 0                          [heap]
7fde3c000000-7fde3c021000 rw-p 00000000 00:00 0 
7fde3c021000-7fde40000000 ---p 00000000 00:00 0 
7fde44000000-7fde44045000 rw-p 00000000 00:00 0 
7fde44045000-7fde48000000 ---p 00000000 00:00 0 
7fde48000000-7fde48021000 rw-p 00000000 00:00 0 
7fde48021000-7fde4c000000 ---p 00000000 00:00 0 
7fde4c000000-7fde4c021000 rw-p 00000000 00:00 0 
7fde4c021000-7fde50000000 ---p 00000000 00:00 0 
7fde50000000-7fde50032000 rw-p 00000000 00:00 0 
7fde50032000-7fde54000000 ---p 00000000 00:00 0 
7fde54000000-7fde54021000 rw-p 00000000 00:00 0 
7fde54021000-7fde58000000 ---p 00000000 00:00 0 
7fde58000000-7fde580a3000 rw-p 00000000 00:00 0 
7fde580a3000-7fde5c000000 ---p 00000000 00:00 0 
7fde5c000000-7fde5c021000 rw-p 00000000 00:00 0 
7fde5c021000-7fde60000000 ---p 00000000 00:00 0 
7fde60000000-7fde60021000 rw-p 00000000 00:00 0 
7fde60021000-7fde64000000 ---p 00000000 00:00 0 
7fde64000000-7fde64021000 rw-p 00000000 00:00 0 
7fde64021000-7fde68000000 ---p 00000000 00:00 0 
7fde68000000-7fde68021000 rw-p 00000000 00:00 0 
7fde68021000-7fde6c000000 ---p 00000000 00:00 0 
7fde6c000000-7fde6c021000 rw-p 00000000 00:00 0 
7fde6c021000-7fde70000000 ---p 00000000 00:00 0 
7fde70000000-7fde70021000 rw-p 00000000 00:00 0 
7fde70021000-7fde74000000 ---p 00000000 00:00 0 
7fde74000000-7fde74021000 rw-p 00000000 00:00 0 
7fde74021000-7fde78000000 ---p 00000000 00:00 0 
7fde7c000000-7fde7c021000 rw-p 00000000 00:00 0 
7fde7c021000-7fde80000000 ---p 00000000 00:00 0 
7fde84000000-7fde84021000 rw-p 00000000 00:00 0 
7fde84021000-7fde88000000 ---p 00000000 00:00 0 
7fde8c000000-7fde8c021000 rw-p 00000000 00:00 0 
7fde8c021000-7fde90000000 ---p 00000000 00:00 0 
7fde91590000-7fde9d000000 rw-p 00000000 00:00 0 
7fdea0000000-7fdea0021000 rw-p 00000000 00:00 0 
7fdea0021000-7fdea4000000 ---p 00000000 00:00 0 
7fdea6400000-7fdea6499000 r--p 00000000 103:03 2101337                   /usr/lib/libstdc++.so.6.0.30
7fdea6499000-7fdea65af000 r-xp 00099000 103:03 2101337                   /usr/lib/libstdc++.so.6.0.30
7fdea65af000-7fdea6626000 r--p 001af000 103:03 2101337                   /usr/lib/libstdc++.so.6.0.30
7fdea6626000-7fdea6633000 r--p 00225000 103:03 2101337                   /usr/lib/libstdc++.so.6.0.30
7fdea6633000-7fdea6634000 rw-p 00232000 103:03 2101337                   /usr/lib/libstdc++.so.6.0.30
7fdea6634000-7fdea6637000 rw-p 00000000 00:00 0 
7fdea66fb000-7fdea66fc000 ---p 00000000 00:00 0 
7fdea66fc000-7fdea67fc000 rw-p 00000000 00:00 0 
7fdea67fc000-7fdea67ff000 ---p 00000000 00:00 0 
7fdea67ff000-7fdea68fc000 rw-p 00000000 00:00 0 
7fdea68fc000-7fdea68fd000 ---p 00000000 00:00 0 
7fdea68fd000-7fdea6900000 ---p 00000000 00:00 0 
7fdea6900000-7fdea69fd000 rw-p 00000000 00:00 0 
7fdea69fd000-7fdea69fe000 ---p 00000000 00:00 0 
7fdea69fe000-7fdea6a01000 ---p 00000000 00:00 0 
7fdea6a01000-7fdea6afe000 rw-p 00000000 00:00 0 
7fdea6afe000-7fdea6aff000 ---p 00000000 00:00 0 
7fdea6aff000-7fdea6b02000 ---p 00000000 00:00 0 
7fdea6b02000-7fdea6bff000 rw-p 00000000 00:00 0 
7fdea6bff000-7fdea6c00000 ---p 00000000 00:00 0 
7fdea6c00000-7fdea6c03000 ---p 00000000 00:00 0 
7fdea6c03000-7fdea6d00000 rw-p 00000000 00:00 0 
7fdea6d00000-7fdea6d03000 ---p 00000000 00:00 0 
7fdea6d03000-7fdea6e00000 rw-p 00000000 00:00 0 
7fdea6e00000-7fdea70e9000 r--p 00000000 103:03 2168942                   /usr/lib/locale/locale-archive
7fdea70f4000-7fdea70f7000 ---p 00000000 00:00 0 
7fdea70f7000-7fdea71f4000 rw-p 00000000 00:00 0 
7fdea71f4000-7fdea71f7000 ---p 00000000 00:00 0 
7fdea71f7000-7fdea72f4000 rw-p 00000000 00:00 0 
7fdea72f4000-7fdea72f7000 ---p 00000000 00:00 0 
7fdea72f7000-7fdea73f4000 rw-p 00000000 00:00 0 
7fdea73f4000-7fdea73f5000 ---p 00000000 00:00 0 
7fdea73f5000-7fdea8000000 rw-p 00000000 00:00 0 
7fdea8000000-7fdea8021000 rw-p 00000000 00:00 0 
7fdea8021000-7fdeac000000 ---p 00000000 00:00 0 
7fdeac0f1000-7fdead000000 rw-p 00000000 00:00 0 
7fdead000000-7fdead270000 rwxp 00000000 00:00 0 
7fdead270000-7fdebc000000 ---p 00000000 00:00 0 
7fdebc000000-7fdebc348000 rw-p 00000000 00:00 0 
7fdebc348000-7fdec0000000 ---p 00000000 00:00 0 
7fdec0014000-7fdec0017000 r--p 00000000 103:03 2101307                   /usr/lib/libgcc_s.so.1
7fdec0017000-7fdec002e000 r-xp 00003000 103:03 2101307                   /usr/lib/libgcc_s.so.1
7fdec002e000-7fdec0032000 r--p 0001a000 103:03 2101307                   /usr/lib/libgcc_s.so.1
7fdec0032000-7fdec0033000 r--p 0001d000 103:03 2101307                   /usr/lib/libgcc_s.so.1
7fdec0033000-7fdec0034000 rw-p 0001e000 103:03 2101307                   /usr/lib/libgcc_s.so.1
7fdec0034000-7fdec0036000 r--p 00000000 00:24 4259                       /tmp/6eb2d293-6ad8-462a-aeac-4df27c83bc88.so
7fdec0036000-7fdec0039000 r-xp 00002000 00:24 4259                       /tmp/6eb2d293-6ad8-462a-aeac-4df27c83bc88.so
7fdec0039000-7fdec003a000 r--p 00005000 00:24 4259                       /tmp/6eb2d293-6ad8-462a-aeac-4df27c83bc88.so
7fdec003a000-7fdec003b000 r--p 00006000 00:24 4259                       /tmp/6eb2d293-6ad8-462a-aeac-4df27c83bc88.so
7fdec003b000-7fdec003c000 rw-p 00007000 00:24 4259                       /tmp/6eb2d293-6ad8-462a-aeac-4df27c83bc88.so
7fdec003c000-7fdec004d000 r--s 001c5000 103:03 2245118                   /usr/lib/jvm/java-8-openjdk/jre/lib/jsse.jar
7fdec004d000-7fdec0054000 r--s 000d3000 103:03 2245115                   /usr/lib/jvm/java-8-openjdk/jre/lib/jfr.jar
7fdec0054000-7fdec0059000 r--p 00000000 103:03 2245064                   /usr/lib/jvm/java-8-openjdk/jre/lib/amd64/libnet.so
7fdec0059000-7fdec0069000 r-xp 00005000 103:03 2245064                   /usr/lib/jvm/java-8-openjdk/jre/lib/amd64/libnet.so
7fdec0069000-7fdec006d000 r--p 00015000 103:03 2245064                   /usr/lib/jvm/java-8-openjdk/jre/lib/amd64/libnet.so
7fdec006d000-7fdec006e000 r--p 00018000 103:03 2245064                   /usr/lib/jvm/java-8-openjdk/jre/lib/amd64/libnet.so
7fdec006e000-7fdec006f000 rw-p 00019000 103:03 2245064                   /usr/lib/jvm/java-8-openjdk/jre/lib/amd64/libnet.so
7fdec006f000-7fdec0076000 r--p 00000000 103:03 2245065                   /usr/lib/jvm/java-8-openjdk/jre/lib/amd64/libnio.so
7fdec0076000-7fdec007e000 r-xp 00007000 103:03 2245065                   /usr/lib/jvm/java-8-openjdk/jre/lib/amd64/libnio.so
7fdec007e000-7fdec0081000 r--p 0000f000 103:03 2245065                   /usr/lib/jvm/java-8-openjdk/jre/lib/amd64/libnio.so
7fdec0081000-7fdec0082000 r--p 00012000 103:03 2245065                   /usr/lib/jvm/java-8-openjdk/jre/lib/amd64/libnio.so
7fdec0082000-7fdec0083000 rw-p 00013000 103:03 2245065                   /usr/lib/jvm/java-8-openjdk/jre/lib/amd64/libnio.so
7fdec0083000-7fdec0095000 r--s 0034c000 103:03 2245131                   /usr/lib/jvm/java-8-openjdk/jre/lib/resources.jar
7fdec0095000-7fdec00a6000 r--s 001c5000 103:03 2245118                   /usr/lib/jvm/java-8-openjdk/jre/lib/jsse.jar
7fdec00a6000-7fdec01f5000 rw-p 00000000 00:00 0 
7fdec01f5000-7fdec03c7000 r--s 03cbc000 103:03 2245132                   /usr/lib/jvm/java-8-openjdk/jre/lib/rt.jar
7fdec03c7000-7fdec08d8000 rw-p 00000000 00:00 0 
7fdec08d8000-7fdec0c98000 ---p 00000000 00:00 0 
7fdec0c98000-7fdec18b4000 rw-p 00000000 00:00 0 
7fdec18b4000-7fdec18b5000 ---p 00000000 00:00 0 
7fdec18b5000-7fdec19b5000 rw-p 00000000 00:00 0 
7fdec19b5000-7fdec19b6000 ---p 00000000 00:00 0 
7fdec19b6000-7fdec1ab6000 rw-p 00000000 00:00 0 
7fdec1ab6000-7fdec1ab7000 ---p 00000000 00:00 0 
7fdec1ab7000-7fdec1bb7000 rw-p 00000000 00:00 0 
7fdec1bb7000-7fdec1bb8000 ---p 00000000 00:00 0 
7fdec1bb8000-7fdec1cb8000 rw-p 00000000 00:00 0 
7fdec1cb8000-7fdec1cb9000 ---p 00000000 00:00 0 
7fdec1cb9000-7fdec1db9000 rw-p 00000000 00:00 0 
7fdec1db9000-7fdec1dba000 ---p 00000000 00:00 0 
7fdec1dba000-7fdec1eba000 rw-p 00000000 00:00 0 
7fdec1eba000-7fdec1ebb000 ---p 00000000 00:00 0 
7fdec1ebb000-7fdec1fbb000 rw-p 00000000 00:00 0 
7fdec1fbb000-7fdec1fbc000 ---p 00000000 00:00 0 
7fdec1fbc000-7fdec2139000 rw-p 00000000 00:00 0 
7fdec2139000-7fdec2881000 ---p 00000000 00:00 0 
7fdec2881000-7fdec28fe000 rw-p 00000000 00:00 0 
7fdec28fe000-7fdec3045000 ---p 00000000 00:00 0 
7fdec3045000-7fdec3084000 rw-p 00000000 00:00 0 
7fdec3084000-7fdec3428000 ---p 00000000 00:00 0 
7fdec3428000-7fdec3433000 rw-p 00000000 00:00 0 
7fdec3433000-7fdec37e9000 ---p 00000000 00:00 0 
7fdec37e9000-7fdec37f6000 r--p 00000000 103:03 2245054                   /usr/lib/jvm/java-8-openjdk/jre/lib/amd64/libjava.so
7fdec37f6000-7fdec380d000 r-xp 0000d000 103:03 2245054                   /usr/lib/jvm/java-8-openjdk/jre/lib/amd64/libjava.so
7fdec380d000-7fdec3814000 r--p 00024000 103:03 2245054                   /usr/lib/jvm/java-8-openjdk/jre/lib/amd64/libjava.so
7fdec3814000-7fdec3815000 r--p 0002a000 103:03 2245054                   /usr/lib/jvm/java-8-openjdk/jre/lib/amd64/libjava.so
7fdec3815000-7fdec3816000 rw-p 0002b000 103:03 2245054                   /usr/lib/jvm/java-8-openjdk/jre/lib/amd64/libjava.so
7fdec3816000-7fdec3817000 rw-p 00000000 00:00 0 
7fdec3817000-7fdec3818000 ---p 00000000 00:00 0 
7fdec3818000-7fdec381b000 ---p 00000000 00:00 0 
7fdec381b000-7fdec3918000 rw-p 00000000 00:00 0 
7fdec3918000-7fdec3926000 r--p 00000000 103:03 2100517                   /usr/lib/libm.so.6
7fdec3926000-7fdec39a0000 r-xp 0000e000 103:03 2100517                   /usr/lib/libm.so.6
7fdec39a0000-7fdec39fe000 r--p 00088000 103:03 2100517                   /usr/lib/libm.so.6
7fdec39fe000-7fdec39ff000 r--p 000e5000 103:03 2100517                   /usr/lib/libm.so.6
7fdec39ff000-7fdec3a00000 rw-p 000e6000 103:03 2100517                   /usr/lib/libm.so.6
7fdec3a00000-7fdec3bf7000 r--p 00000000 103:03 2245076                   /usr/lib/jvm/java-8-openjdk/jre/lib/amd64/server/libjvm.so
7fdec3bf7000-7fdec456a000 r-xp 001f7000 103:03 2245076                   /usr/lib/jvm/java-8-openjdk/jre/lib/amd64/server/libjvm.so
7fdec456a000-7fdec471d000 r--p 00b6a000 103:03 2245076                   /usr/lib/jvm/java-8-openjdk/jre/lib/amd64/server/libjvm.so
7fdec471d000-7fdec47b4000 r--p 00d1d000 103:03 2245076                   /usr/lib/jvm/java-8-openjdk/jre/lib/amd64/server/libjvm.so
7fdec47b4000-7fdec47dd000 rw-p 00db4000 103:03 2245076                   /usr/lib/jvm/java-8-openjdk/jre/lib/amd64/server/libjvm.so
7fdec47dd000-7fdec4810000 rw-p 00000000 00:00 0 
7fdec4813000-7fdec4815000 r--s 0001f000 103:03 26370830                  /home/fan87/.local/share/JetBrains/Toolbox/apps/IDEA-U/ch-0/223.8214.16/lib/idea_rt.jar
7fdec4815000-7fdec4817000 r--s 0000b000 103:03 26109017                  /home/fan87/.gradle/caches/modules-2/files-2.1/org.ow2.asm/asm-tree/9.3/78d2ecd61318b5a58cd04fb237636c0e86b77d97/asm-tree-9.3.jar
7fdec4817000-7fdec4819000 r--s 00007000 103:03 26109014                  /home/fan87/.gradle/caches/modules-2/files-2.1/org.ow2.asm/asm-analysis/9.3/4b071f211b37c38e0e9f5998550197c8593f6ad8/asm-analysis-9.3.jar
7fdec4819000-7fdec481b000 r--s 0001c000 103:03 26109013                  /home/fan87/.gradle/caches/modules-2/files-2.1/org.ow2.asm/asm/9.3/8e6300ef51c1d801a7ed62d07cd221aca3a90640/asm-9.3.jar
7fdec481b000-7fdec481c000 r--s 00011000 103:03 26090001                  /home/fan87/.gradle/caches/modules-2/files-2.1/org.ow2.asm/asm-commons/9.3/1f2a432d1212f5c352ae607d7b61dcae20c20af5/asm-commons-9.3.jar
7fdec481c000-7fdec481d000 r--s 00014000 103:03 26109018                  /home/fan87/.gradle/caches/modules-2/files-2.1/org.ow2.asm/asm-util/9.3/9595bc05510d0bd4b610188b77333fe4851a1975/asm-util-9.3.jar
7fdec481d000-7fdec481e000 r--s 00000000 103:03 2245122                   /usr/lib/jvm/java-8-openjdk/jre/lib/management-agent.jar
7fdec481e000-7fdec4825000 r--s 000d3000 103:03 2245115                   /usr/lib/jvm/java-8-openjdk/jre/lib/jfr.jar
7fdec4825000-7fdec4826000 r--p 00000000 103:03 2100543                   /usr/lib/librt.so.1
7fdec4826000-7fdec4827000 r-xp 00001000 103:03 2100543                   /usr/lib/librt.so.1
7fdec4827000-7fdec4828000 r--p 00002000 103:03 2100543                   /usr/lib/librt.so.1
7fdec4828000-7fdec4829000 r--p 00002000 103:03 2100543                   /usr/lib/librt.so.1
7fdec4829000-7fdec482a000 rw-p 00003000 103:03 2100543                   /usr/lib/librt.so.1
7fdec482a000-7fdec482c000 rw-p 00000000 00:00 0 
7fdec482c000-7fdec482f000 r--p 00000000 103:03 2110504                   /usr/lib/libz.so.1.2.13
7fdec482f000-7fdec483d000 r-xp 00003000 103:03 2110504                   /usr/lib/libz.so.1.2.13
7fdec483d000-7fdec4844000 r--p 00011000 103:03 2110504                   /usr/lib/libz.so.1.2.13
7fdec4844000-7fdec4845000 r--p 00017000 103:03 2110504                   /usr/lib/libz.so.1.2.13
7fdec4845000-7fdec4846000 rw-p 00018000 103:03 2110504                   /usr/lib/libz.so.1.2.13
7fdec4846000-7fdec4868000 r--p 00000000 103:03 2100505                   /usr/lib/libc.so.6
7fdec4868000-7fdec49c3000 r-xp 00022000 103:03 2100505                   /usr/lib/libc.so.6
7fdec49c3000-7fdec4a1a000 r--p 0017d000 103:03 2100505                   /usr/lib/libc.so.6
7fdec4a1a000-7fdec4a1e000 r--p 001d4000 103:03 2100505                   /usr/lib/libc.so.6
7fdec4a1e000-7fdec4a20000 rw-p 001d8000 103:03 2100505                   /usr/lib/libc.so.6
7fdec4a20000-7fdec4a2d000 rw-p 00000000 00:00 0 
7fdec4a2d000-7fdec4a2f000 r--s 00016000 103:03 2245112                   /usr/lib/jvm/java-8-openjdk/jre/lib/jce.jar
7fdec4a2f000-7fdec4a34000 r--s 002f9000 103:03 2245079                   /usr/lib/jvm/java-8-openjdk/jre/lib/charsets.jar
7fdec4a34000-7fdec4a37000 r--p 00000000 103:03 2245072                   /usr/lib/jvm/java-8-openjdk/jre/lib/amd64/libzip.so
7fdec4a37000-7fdec4a3b000 r-xp 00003000 103:03 2245072                   /usr/lib/jvm/java-8-openjdk/jre/lib/amd64/libzip.so
7fdec4a3b000-7fdec4a3d000 r--p 00007000 103:03 2245072                   /usr/lib/jvm/java-8-openjdk/jre/lib/amd64/libzip.so
7fdec4a3d000-7fdec4a3e000 r--p 00008000 103:03 2245072                   /usr/lib/jvm/java-8-openjdk/jre/lib/amd64/libzip.so
7fdec4a3e000-7fdec4a3f000 rw-p 00009000 103:03 2245072                   /usr/lib/jvm/java-8-openjdk/jre/lib/amd64/libzip.so
7fdec4a3f000-7fdec4a47000 rw-s 00000000 00:24 4258                       /tmp/hsperfdata_fan87/636752
7fdec4a47000-7fdec4a49000 r--p 00000000 103:03 2245049                   /usr/lib/jvm/java-8-openjdk/jre/lib/amd64/libinstrument.so
7fdec4a49000-7fdec4a4f000 r-xp 00002000 103:03 2245049                   /usr/lib/jvm/java-8-openjdk/jre/lib/amd64/libinstrument.so
7fdec4a4f000-7fdec4a52000 r--p 00008000 103:03 2245049                   /usr/lib/jvm/java-8-openjdk/jre/lib/amd64/libinstrument.so
7fdec4a52000-7fdec4a53000 r--p 0000a000 103:03 2245049                   /usr/lib/jvm/java-8-openjdk/jre/lib/amd64/libinstrument.so
7fdec4a53000-7fdec4a54000 rw-p 0000b000 103:03 2245049                   /usr/lib/jvm/java-8-openjdk/jre/lib/amd64/libinstrument.so
7fdec4a54000-7fdec4a55000 rw-p 00000000 00:00 0 
7fdec4a55000-7fdec4a56000 r--p 00000000 00:00 0 
7fdec4a56000-7fdec4a5b000 r--p 00000000 103:03 2245071                   /usr/lib/jvm/java-8-openjdk/jre/lib/amd64/libverify.so
7fdec4a5b000-7fdec4a62000 r-xp 00005000 103:03 2245071                   /usr/lib/jvm/java-8-openjdk/jre/lib/amd64/libverify.so
7fdec4a62000-7fdec4a64000 r--p 0000c000 103:03 2245071                   /usr/lib/jvm/java-8-openjdk/jre/lib/amd64/libverify.so
7fdec4a64000-7fdec4a66000 r--p 0000d000 103:03 2245071                   /usr/lib/jvm/java-8-openjdk/jre/lib/amd64/libverify.so
7fdec4a66000-7fdec4a67000 rw-p 0000f000 103:03 2245071                   /usr/lib/jvm/java-8-openjdk/jre/lib/amd64/libverify.so
7fdec4a67000-7fdec4a6a000 r--p 00000000 103:03 2245040                   /usr/lib/jvm/java-8-openjdk/jre/lib/amd64/jli/libjli.so
7fdec4a6a000-7fdec4a73000 r-xp 00003000 103:03 2245040                   /usr/lib/jvm/java-8-openjdk/jre/lib/amd64/jli/libjli.so
7fdec4a73000-7fdec4a76000 r--p 0000c000 103:03 2245040                   /usr/lib/jvm/java-8-openjdk/jre/lib/amd64/jli/libjli.so
7fdec4a76000-7fdec4a77000 r--p 0000e000 103:03 2245040                   /usr/lib/jvm/java-8-openjdk/jre/lib/amd64/jli/libjli.so
7fdec4a77000-7fdec4a78000 rw-p 0000f000 103:03 2245040                   /usr/lib/jvm/java-8-openjdk/jre/lib/amd64/jli/libjli.so
7fdec4a78000-7fdec4a7a000 rw-p 00000000 00:00 0 
7fdec4a7a000-7fdec4a7b000 r--p 00000000 103:03 2100494                   /usr/lib/ld-linux-x86-64.so.2
7fdec4a7b000-7fdec4aa1000 r-xp 00001000 103:03 2100494                   /usr/lib/ld-linux-x86-64.so.2
7fdec4aa1000-7fdec4aab000 r--p 00027000 103:03 2100494                   /usr/lib/ld-linux-x86-64.so.2
7fdec4aab000-7fdec4aad000 r--p 00031000 103:03 2100494                   /usr/lib/ld-linux-x86-64.so.2
7fdec4aad000-7fdec4aaf000 rw-p 00033000 103:03 2100494                   /usr/lib/ld-linux-x86-64.so.2
7ffe7b5f6000-7ffe7b618000 rw-p 00000000 00:00 0                          [stack]
7ffe7b7ed000-7ffe7b7f1000 r--p 00000000 00:00 0                          [vvar]
7ffe7b7f1000-7ffe7b7f3000 r-xp 00000000 00:00 0                          [vdso]
ffffffffff600000-ffffffffff601000 --xp 00000000 00:00 0                  [vsyscall]

VM Arguments:
jvm_args: -javaagent:/home/fan87/.local/share/JetBrains/Toolbox/apps/IDEA-U/ch-0/223.8214.16/lib/idea_rt.jar=44337:/home/fan87/.local/share/JetBrains/Toolbox/apps/IDEA-U/ch-0/223.8214.16/bin -Dfile.encoding=UTF-8 
java_command: AgentMain
java_class_path (initial): /usr/lib/jvm/java-8-openjdk/jre/lib/charsets.jar:/usr/lib/jvm/java-8-openjdk/jre/lib/ext/cldrdata.jar:/usr/lib/jvm/java-8-openjdk/jre/lib/ext/dnsns.jar:/usr/lib/jvm/java-8-openjdk/jre/lib/ext/jaccess.jar:/usr/lib/jvm/java-8-openjdk/jre/lib/ext/localedata.jar:/usr/lib/jvm/java-8-openjdk/jre/lib/ext/nashorn.jar:/usr/lib/jvm/java-8-openjdk/jre/lib/ext/sunec.jar:/usr/lib/jvm/java-8-openjdk/jre/lib/ext/sunjce_provider.jar:/usr/lib/jvm/java-8-openjdk/jre/lib/ext/sunpkcs11.jar:/usr/lib/jvm/java-8-openjdk/jre/lib/ext/zipfs.jar:/usr/lib/jvm/java-8-openjdk/jre/lib/jce.jar:/usr/lib/jvm/java-8-openjdk/jre/lib/jfr.jar:/usr/lib/jvm/java-8-openjdk/jre/lib/jsse.jar:/usr/lib/jvm/java-8-openjdk/jre/lib/management-agent.jar:/usr/lib/jvm/java-8-openjdk/jre/lib/resources.jar:/usr/lib/jvm/java-8-openjdk/jre/lib/rt.jar:/home/fan87/Desktop/java-injector/test-program/out/production/classes:/home/fan87/Desktop/java-injector/out/production/classes:/home/fan87/Desktop/java-injector/out/production/resources:/home/fan87/Desktop/java-injector/native-agent/out/production/classes:/home/fan87/Desktop/java-injector/native-agent/out/production/resources:/home/fan87/.gradle/caches/modules-2/files-2.1/org.ow2.asm/asm-util/9.3/9595bc05510d0bd4b610188b77333fe4851a1975/asm-util-9.3.jar:/home/fan87/.gradle/caches/modules-2/files-2.1/org.ow2.asm/asm-commons/9.3/1f2a432d1212f5c352ae607d7b61dcae20c20af5/asm-commons-9.3.jar:/home/fan87/.gradle/caches/modules-2/files-2.1/org.ow2.asm/asm/9.3/8e6300ef51c1d801a7ed62d07cd221aca3a90640/asm-9.3.jar:/home/fan87/.gradle/caches/modules-2/files-2.1/org.ow2.asm/asm-analysis/9.3/4b071f211b37c38e0e9f5998550197c8593f6ad8/asm-analysis-9.3.jar:/home/fan87/.gradle/caches/modules-2/files-2.1/org.ow2.asm/asm-tree/9.3/78d2ecd61318b5a58cd04fb237636c0e86b77d97/asm-tree-9.3.jar:/home/fan87/Desktop/java-injector/common/out/production/classes:/home/fan87/.local/share/JetBrains/Toolbox/apps/IDEA-U/ch-0/223.8214.16/lib/idea_rt.jar
Launcher Type: SUN_STANDARD

Environment Variables:
PATH=/home/fan87/.nix-profile/bin:/usr/local/sbin:/usr/local/bin:/usr/bin:/usr/bin/site_perl:/usr/bin/vendor_perl:/usr/bin/core_perl:/var/lib/snapd/snap/bin:/home/fan87/.dotnet/tools:/home/fan87/Android/Sdk/ndk-bundle/prebuilt/linux-x86_64/bin
SHELL=/usr/bin/fish
DISPLAY=:0

Signal Handlers:
SIGSEGV: [libjvm.so+0xb32b20], sa_mask[0]=11111111011111111101111111111110, sa_flags=SA_RESTART|SA_SIGINFO
SIGBUS: [libjvm.so+0xb32b20], sa_mask[0]=11111111011111111101111111111110, sa_flags=SA_RESTART|SA_SIGINFO
SIGFPE: [libjvm.so+0x972a00], sa_mask[0]=11111111011111111101111111111110, sa_flags=SA_RESTART|SA_SIGINFO
SIGPIPE: [libjvm.so+0x972a00], sa_mask[0]=11111111011111111101111111111110, sa_flags=SA_RESTART|SA_SIGINFO
SIGXFSZ: [libjvm.so+0x972a00], sa_mask[0]=11111111011111111101111111111110, sa_flags=SA_RESTART|SA_SIGINFO
SIGILL: [libjvm.so+0x972a00], sa_mask[0]=11111111011111111101111111111110, sa_flags=SA_RESTART|SA_SIGINFO
SIGUSR1: SIG_DFL, sa_mask[0]=00000000000000000000000000000000, sa_flags=none
SIGUSR2: [libjvm.so+0x972d50], sa_mask[0]=00100000000000000000000000000000, sa_flags=SA_RESTART|SA_SIGINFO
SIGHUP: [libjvm.so+0x972ca0], sa_mask[0]=11111111011111111101111111111110, sa_flags=SA_RESTART|SA_SIGINFO
SIGINT: [libjvm.so+0x972ca0], sa_mask[0]=11111111011111111101111111111110, sa_flags=SA_RESTART|SA_SIGINFO
SIGTERM: [libjvm.so+0x972ca0], sa_mask[0]=11111111011111111101111111111110, sa_flags=SA_RESTART|SA_SIGINFO
SIGQUIT: [libjvm.so+0x972ca0], sa_mask[0]=11111111011111111101111111111110, sa_flags=SA_RESTART|SA_SIGINFO


---------------  S Y S T E M  ---------------

OS:DISTRIB_ID="Arch"
DISTRIB_RELEASE="rolling"
DISTRIB_DESCRIPTION="Arch Linux"

uname:Linux 6.1.5-arch2-1 #1 SMP PREEMPT_DYNAMIC Thu, 12 Jan 2023 22:42:33 +0000 x86_64
libc:glibc 2.36 NPTL 2.36 
rlimit: STACK 8192k, CORE infinity, NPROC 95348, NOFILE 524288, AS infinity
load average:5.33 4.29 4.02

/proc/meminfo:
MemTotal:       24431628 kB
MemFree:          427772 kB
MemAvailable:    4413124 kB
Buffers:           43144 kB
Cached:          5719912 kB
SwapCached:       106484 kB
Active:         16562088 kB
Inactive:        4644768 kB
Active(anon):   14372892 kB
Inactive(anon):  2952552 kB
Active(file):    2189196 kB
Inactive(file):  1692216 kB
Unevictable:      643560 kB
Mlocked:              84 kB
SwapTotal:       8388596 kB
SwapFree:        1363056 kB
Zswap:                 0 kB
Zswapped:              0 kB
Dirty:             12000 kB
Writeback:             0 kB
AnonPages:      15379880 kB
Mapped:          1749020 kB
Shmem:           1881032 kB
KReclaimable:     505640 kB
Slab:             752160 kB
SReclaimable:     505640 kB
SUnreclaim:       246520 kB
KernelStack:       46852 kB
PageTables:       168200 kB
SecPageTables:         0 kB
NFS_Unstable:          0 kB
Bounce:                0 kB
WritebackTmp:          0 kB
CommitLimit:    20604408 kB
Committed_AS:   40388684 kB
VmallocTotal:   34359738367 kB
VmallocUsed:      168992 kB
VmallocChunk:          0 kB
Percpu:             6656 kB
HardwareCorrupted:     0 kB
AnonHugePages:   5222400 kB
ShmemHugePages:        0 kB
ShmemPmdMapped:        0 kB
FileHugePages:    116736 kB
FilePmdMapped:    112640 kB
CmaTotal:              0 kB
CmaFree:               0 kB
HugePages_Total:       0
HugePages_Free:        0
HugePages_Rsvd:        0
HugePages_Surp:        0
Hugepagesize:       2048 kB
Hugetlb:               0 kB
DirectMap4k:      780980 kB
DirectMap2M:    18958336 kB
DirectMap1G:     6291456 kB


CPU:total 8 (initial active 8) (4 cores per cpu, 2 threads per core) family 6 model 165 stepping 2, cmov, cx8, fxsr, mmx, sse, sse2, sse3, ssse3, sse4.1, sse4.2, popcnt, avx, avx2, aes, clmul, erms, 3dnowpref, lzcnt, ht, tsc, tscinvbit, bmi1, bmi2, adx

/proc/cpuinfo:
processor	: 0
vendor_id	: GenuineIntel
cpu family	: 6
model		: 165
model name	: Intel(R) Core(TM) i5-10300H CPU @ 2.50GHz
stepping	: 2
microcode	: 0xf4
cpu MHz		: 3529.397
cache size	: 8192 KB
physical id	: 0
siblings	: 8
core id		: 0
cpu cores	: 4
apicid		: 0
initial apicid	: 0
fpu		: yes
fpu_exception	: yes
cpuid level	: 22
wp		: yes
flags		: fpu vme de pse tsc msr pae mce cx8 apic sep mtrr pge mca cmov pat pse36 clflush dts acpi mmx fxsr sse sse2 ss ht tm pbe syscall nx pdpe1gb rdtscp lm constant_tsc art arch_perfmon pebs bts rep_good nopl xtopology nonstop_tsc cpuid aperfmperf pni pclmulqdq dtes64 monitor ds_cpl vmx est tm2 ssse3 sdbg fma cx16 xtpr pdcm pcid sse4_1 sse4_2 x2apic movbe popcnt tsc_deadline_timer aes xsave avx f16c rdrand lahf_lm abm 3dnowprefetch cpuid_fault epb invpcid_single ssbd ibrs ibpb stibp ibrs_enhanced tpr_shadow vnmi flexpriority ept vpid ept_ad fsgsbase tsc_adjust bmi1 avx2 smep bmi2 erms invpcid mpx rdseed adx smap clflushopt intel_pt xsaveopt xsavec xgetbv1 xsaves dtherm ida arat pln pts hwp hwp_notify hwp_act_window hwp_epp pku ospke md_clear flush_l1d arch_capabilities
vmx flags	: vnmi preemption_timer posted_intr invvpid ept_x_only ept_ad ept_1gb flexpriority apicv tsc_offset vtpr mtf vapic ept vpid unrestricted_guest vapic_reg vid ple pml ept_mode_based_exec
bugs		: spectre_v1 spectre_v2 spec_store_bypass swapgs itlb_multihit srbds mmio_stale_data retbleed eibrs_pbrsb
bogomips	: 5001.23
clflush size	: 64
cache_alignment	: 64
address sizes	: 39 bits physical, 48 bits virtual
power management:

processor	: 1
vendor_id	: GenuineIntel
cpu family	: 6
model		: 165
model name	: Intel(R) Core(TM) i5-10300H CPU @ 2.50GHz
stepping	: 2
microcode	: 0xf4
cpu MHz		: 3528.826
cache size	: 8192 KB
physical id	: 0
siblings	: 8
core id		: 1
cpu cores	: 4
apicid		: 2
initial apicid	: 2
fpu		: yes
fpu_exception	: yes
cpuid level	: 22
wp		: yes
flags		: fpu vme de pse tsc msr pae mce cx8 apic sep mtrr pge mca cmov pat pse36 clflush dts acpi mmx fxsr sse sse2 ss ht tm pbe syscall nx pdpe1gb rdtscp lm constant_tsc art arch_perfmon pebs bts rep_good nopl xtopology nonstop_tsc cpuid aperfmperf pni pclmulqdq dtes64 monitor ds_cpl vmx est tm2 ssse3 sdbg fma cx16 xtpr pdcm pcid sse4_1 sse4_2 x2apic movbe popcnt tsc_deadline_timer aes xsave avx f16c rdrand lahf_lm abm 3dnowprefetch cpuid_fault epb invpcid_single ssbd ibrs ibpb stibp ibrs_enhanced tpr_shadow vnmi flexpriority ept vpid ept_ad fsgsbase tsc_adjust bmi1 avx2 smep bmi2 erms invpcid mpx rdseed adx smap clflushopt intel_pt xsaveopt xsavec xgetbv1 xsaves dtherm ida arat pln pts hwp hwp_notify hwp_act_window hwp_epp pku ospke md_clear flush_l1d arch_capabilities
vmx flags	: vnmi preemption_timer posted_intr invvpid ept_x_only ept_ad ept_1gb flexpriority apicv tsc_offset vtpr mtf vapic ept vpid unrestricted_guest vapic_reg vid ple pml ept_mode_based_exec
bugs		: spectre_v1 spectre_v2 spec_store_bypass swapgs itlb_multihit srbds mmio_stale_data retbleed eibrs_pbrsb
bogomips	: 5001.23
clflush size	: 64
cache_alignment	: 64
address sizes	: 39 bits physical, 48 bits virtual
power management:

processor	: 2
vendor_id	: GenuineIntel
cpu family	: 6
model		: 165
model name	: Intel(R) Core(TM) i5-10300H CPU @ 2.50GHz
stepping	: 2
microcode	: 0xf4
cpu MHz		: 3530.803
cache size	: 8192 KB
physical id	: 0
siblings	: 8
core id		: 2
cpu cores	: 4
apicid		: 4
initial apicid	: 4
fpu		: yes
fpu_exception	: yes
cpuid level	: 22
wp		: yes
flags		: fpu vme de pse tsc msr pae mce cx8 apic sep mtrr pge mca cmov pat pse36 clflush dts acpi mmx fxsr sse sse2 ss ht tm pbe syscall nx pdpe1gb rdtscp lm constant_tsc art arch_perfmon pebs bts rep_good nopl xtopology nonstop_tsc cpuid aperfmperf pni pclmulqdq dtes64 monitor ds_cpl vmx est tm2 ssse3 sdbg fma cx16 xtpr pdcm pcid sse4_1 sse4_2 x2apic movbe popcnt tsc_deadline_timer aes xsave avx f16c rdrand lahf_lm abm 3dnowprefetch cpuid_fault epb invpcid_single ssbd ibrs ibpb stibp ibrs_enhanced tpr_shadow vnmi flexpriority ept vpid ept_ad fsgsbase tsc_adjust bmi1 avx2 smep bmi2 erms invpcid mpx rdseed adx smap clflushopt intel_pt xsaveopt xsavec xgetbv1 xsaves dtherm ida arat pln pts hwp hwp_notify hwp_act_window hwp_epp pku ospke md_clear flush_l1d arch_capabilities
vmx flags	: vnmi preemption_timer posted_intr invvpid ept_x_only ept_ad ept_1gb flexpriority apicv tsc_offset vtpr mtf vapic ept vpid unrestricted_guest vapic_reg vid ple pml ept_mode_based_exec
bugs		: spectre_v1 spectre_v2 spec_store_bypass swapgs itlb_multihit srbds mmio_stale_data retbleed eibrs_pbrsb
bogomips	: 5001.23
clflush size	: 64
cache_alignment	: 64
address sizes	: 39 bits physical, 48 bits virtual
power management:

processor	: 3
vendor_id	: GenuineIntel
cpu family	: 6
model		: 165
model name	: Intel(R) Core(TM) i5-10300H CPU @ 2.50GHz
stepping	: 2
microcode	: 0xf4
cpu MHz		: 3508.618
cache size	: 8192 KB
physical id	: 0
siblings	: 8
core id		: 3
cpu cores	: 4
apicid		: 6
initial apicid	: 6
fpu		: yes
fpu_exception	: yes
cpuid level	: 22
wp		: yes
flags		: fpu vme de pse tsc msr pae mce cx8 apic sep mtrr pge mca cmov pat pse36 clflush dts acpi mmx fxsr sse sse2 ss ht tm pbe syscall nx pdpe1gb rdtscp lm constant_tsc art arch_perfmon pebs bts rep_good nopl xtopology nonstop_tsc cpuid aperfmperf pni pclmulqdq dtes64 monitor ds_cpl vmx est tm2 ssse3 sdbg fma cx16 xtpr pdcm pcid sse4_1 sse4_2 x2apic movbe popcnt tsc_deadline_timer aes xsave avx f16c rdrand lahf_lm abm 3dnowprefetch cpuid_fault epb invpcid_single ssbd ibrs ibpb stibp ibrs_enhanced tpr_shadow vnmi flexpriority ept vpid ept_ad fsgsbase tsc_adjust bmi1 avx2 smep bmi2 erms invpcid mpx rdseed adx smap clflushopt intel_pt xsaveopt xsavec xgetbv1 xsaves dtherm ida arat pln pts hwp hwp_notify hwp_act_window hwp_epp pku ospke md_clear flush_l1d arch_capabilities
vmx flags	: vnmi preemption_timer posted_intr invvpid ept_x_only ept_ad ept_1gb flexpriority apicv tsc_offset vtpr mtf vapic ept vpid unrestricted_guest vapic_reg vid ple pml ept_mode_based_exec
bugs		: spectre_v1 spectre_v2 spec_store_bypass swapgs itlb_multihit srbds mmio_stale_data retbleed eibrs_pbrsb
bogomips	: 5001.23
clflush size	: 64
cache_alignment	: 64
address sizes	: 39 bits physical, 48 bits virtual
power management:

processor	: 4
vendor_id	: GenuineIntel
cpu family	: 6
model		: 165
model name	: Intel(R) Core(TM) i5-10300H CPU @ 2.50GHz
stepping	: 2
microcode	: 0xf4
cpu MHz		: 3529.789
cache size	: 8192 KB
physical id	: 0
siblings	: 8
core id		: 0
cpu cores	: 4
apicid		: 1
initial apicid	: 1
fpu		: yes
fpu_exception	: yes
cpuid level	: 22
wp		: yes
flags		: fpu vme de pse tsc msr pae mce cx8 apic sep mtrr pge mca cmov pat pse36 clflush dts acpi mmx fxsr sse sse2 ss ht tm pbe syscall nx pdpe1gb rdtscp lm constant_tsc art arch_perfmon pebs bts rep_good nopl xtopology nonstop_tsc cpuid aperfmperf pni pclmulqdq dtes64 monitor ds_cpl vmx est tm2 ssse3 sdbg fma cx16 xtpr pdcm pcid sse4_1 sse4_2 x2apic movbe popcnt tsc_deadline_timer aes xsave avx f16c rdrand lahf_lm abm 3dnowprefetch cpuid_fault epb invpcid_single ssbd ibrs ibpb stibp ibrs_enhanced tpr_shadow vnmi flexpriority ept vpid ept_ad fsgsbase tsc_adjust bmi1 avx2 smep bmi2 erms invpcid mpx rdseed adx smap clflushopt intel_pt xsaveopt xsavec xgetbv1 xsaves dtherm ida arat pln pts hwp hwp_notify hwp_act_window hwp_epp pku ospke md_clear flush_l1d arch_capabilities
vmx flags	: vnmi preemption_timer posted_intr invvpid ept_x_only ept_ad ept_1gb flexpriority apicv tsc_offset vtpr mtf vapic ept vpid unrestricted_guest vapic_reg vid ple pml ept_mode_based_exec
bugs		: spectre_v1 spectre_v2 spec_store_bypass swapgs itlb_multihit srbds mmio_stale_data retbleed eibrs_pbrsb
bogomips	: 5001.23
clflush size	: 64
cache_alignment	: 64
address sizes	: 39 bits physical, 48 bits virtual
power management:

processor	: 5
vendor_id	: GenuineIntel
cpu family	: 6
model		: 165
model name	: Intel(R) Core(TM) i5-10300H CPU @ 2.50GHz
stepping	: 2
microcode	: 0xf4
cpu MHz		: 3531.792
cache size	: 8192 KB
physical id	: 0
siblings	: 8
core id		: 1
cpu cores	: 4
apicid		: 3
initial apicid	: 3
fpu		: yes
fpu_exception	: yes
cpuid level	: 22
wp		: yes
flags		: fpu vme de pse tsc msr pae mce cx8 apic sep mtrr pge mca cmov pat pse36 clflush dts acpi mmx fxsr sse sse2 ss ht tm pbe syscall nx pdpe1gb rdtscp lm constant_tsc art arch_perfmon pebs bts rep_good nopl xtopology nonstop_tsc cpuid aperfmperf pni pclmulqdq dtes64 monitor ds_cpl vmx est tm2 ssse3 sdbg fma cx16 xtpr pdcm pcid sse4_1 sse4_2 x2apic movbe popcnt tsc_deadline_timer aes xsave avx f16c rdrand lahf_lm abm 3dnowprefetch cpuid_fault epb invpcid_single ssbd ibrs ibpb stibp ibrs_enhanced tpr_shadow vnmi flexpriority ept vpid ept_ad fsgsbase tsc_adjust bmi1 avx2 smep bmi2 erms invpcid mpx rdseed adx smap clflushopt intel_pt xsaveopt xsavec xgetbv1 xsaves dtherm ida arat pln pts hwp hwp_notify hwp_act_window hwp_epp pku ospke md_clear flush_l1d arch_capabilities
vmx flags	: vnmi preemption_timer posted_intr invvpid ept_x_only ept_ad ept_1gb flexpriority apicv tsc_offset vtpr mtf vapic ept vpid unrestricted_guest vapic_reg vid ple pml ept_mode_based_exec
bugs		: spectre_v1 spectre_v2 spec_store_bypass swapgs itlb_multihit srbds mmio_stale_data retbleed eibrs_pbrsb
bogomips	: 5001.23
clflush size	: 64
cache_alignment	: 64
address sizes	: 39 bits physical, 48 bits virtual
power management:

processor	: 6
vendor_id	: GenuineIntel
cpu family	: 6
model		: 165
model name	: Intel(R) Core(TM) i5-10300H CPU @ 2.50GHz
stepping	: 2
microcode	: 0xf4
cpu MHz		: 3529.450
cache size	: 8192 KB
physical id	: 0
siblings	: 8
core id		: 2
cpu cores	: 4
apicid		: 5
initial apicid	: 5
fpu		: yes
fpu_exception	: yes
cpuid level	: 22
wp		: yes
flags		: fpu vme de pse tsc msr pae mce cx8 apic sep mtrr pge mca cmov pat pse36 clflush dts acpi mmx fxsr sse sse2 ss ht tm pbe syscall nx pdpe1gb rdtscp lm constant_tsc art arch_perfmon pebs bts rep_good nopl xtopology nonstop_tsc cpuid aperfmperf pni pclmulqdq dtes64 monitor ds_cpl vmx est tm2 ssse3 sdbg fma cx16 xtpr pdcm pcid sse4_1 sse4_2 x2apic movbe popcnt tsc_deadline_timer aes xsave avx f16c rdrand lahf_lm abm 3dnowprefetch cpuid_fault epb invpcid_single ssbd ibrs ibpb stibp ibrs_enhanced tpr_shadow vnmi flexpriority ept vpid ept_ad fsgsbase tsc_adjust bmi1 avx2 smep bmi2 erms invpcid mpx rdseed adx smap clflushopt intel_pt xsaveopt xsavec xgetbv1 xsaves dtherm ida arat pln pts hwp hwp_notify hwp_act_window hwp_epp pku ospke md_clear flush_l1d arch_capabilities
vmx flags	: vnmi preemption_timer posted_intr invvpid ept_x_only ept_ad ept_1gb flexpriority apicv tsc_offset vtpr mtf vapic ept vpid unrestricted_guest vapic_reg vid ple pml ept_mode_based_exec
bugs		: spectre_v1 spectre_v2 spec_store_bypass swapgs itlb_multihit srbds mmio_stale_data retbleed eibrs_pbrsb
bogomips	: 5001.23
clflush size	: 64
cache_alignment	: 64
address sizes	: 39 bits physical, 48 bits virtual
power management:

processor	: 7
vendor_id	: GenuineIntel
cpu family	: 6
model		: 165
model name	: Intel(R) Core(TM) i5-10300H CPU @ 2.50GHz
stepping	: 2
microcode	: 0xf4
cpu MHz		: 3529.464
cache size	: 8192 KB
physical id	: 0
siblings	: 8
core id		: 3
cpu cores	: 4
apicid		: 7
initial apicid	: 7
fpu		: yes
fpu_exception	: yes
cpuid level	: 22
wp		: yes
flags		: fpu vme de pse tsc msr pae mce cx8 apic sep mtrr pge mca cmov pat pse36 clflush dts acpi mmx fxsr sse sse2 ss ht tm pbe syscall nx pdpe1gb rdtscp lm constant_tsc art arch_perfmon pebs bts rep_good nopl xtopology nonstop_tsc cpuid aperfmperf pni pclmulqdq dtes64 monitor ds_cpl vmx est tm2 ssse3 sdbg fma cx16 xtpr pdcm pcid sse4_1 sse4_2 x2apic movbe popcnt tsc_deadline_timer aes xsave avx f16c rdrand lahf_lm abm 3dnowprefetch cpuid_fault epb invpcid_single ssbd ibrs ibpb stibp ibrs_enhanced tpr_shadow vnmi flexpriority ept vpid ept_ad fsgsbase tsc_adjust bmi1 avx2 smep bmi2 erms invpcid mpx rdseed adx smap clflushopt intel_pt xsaveopt xsavec xgetbv1 xsaves dtherm ida arat pln pts hwp hwp_notify hwp_act_window hwp_epp pku ospke md_clear flush_l1d arch_capabilities
vmx flags	: vnmi preemption_timer posted_intr invvpid ept_x_only ept_ad ept_1gb flexpriority apicv tsc_offset vtpr mtf vapic ept vpid unrestricted_guest vapic_reg vid ple pml ept_mode_based_exec
bugs		: spectre_v1 spectre_v2 spec_store_bypass swapgs itlb_multihit srbds mmio_stale_data retbleed eibrs_pbrsb
bogomips	: 5001.23
clflush size	: 64
cache_alignment	: 64
address sizes	: 39 bits physical, 48 bits virtual
power management:



Memory: 4k page, physical 24431628k(433712k free), swap 8388596k(1363056k free)

vm_info: OpenJDK 64-Bit Server VM (25.352-b08) for linux-amd64 JRE (1.8.0_352-b08), built on Nov 23 2022 09:04:13 by "builduser" with gcc 12.2.0

time: Sun Jan 22 04:10:58 2023
timezone: CST
elapsed time: 0.170515 seconds (0d 0h 0m 0s)

