#
# A fatal error has been detected by the Java Runtime Environment:
#
#  SIGSEGV (0xb) at pc=0x00007f6a7ab13e13, pid=639437, tid=0x00007f6a7a3ff6c0
#
# JRE version: OpenJDK Runtime Environment (8.0_352-b08) (build 1.8.0_352-b08)
# Java VM: OpenJDK 64-Bit Server VM (25.352-b08 mixed mode linux-amd64 compressed oops)
# Problematic frame:
# V  [libjvm.so+0x713e13]
#
# Core dump written. Default location: /home/fan87/Desktop/java-injector/core or core.639437
#
# If you would like to submit a bug report, please visit:
#   http://bugreport.java.com/bugreport/crash.jsp
#

---------------  T H R E A D  ---------------

Current thread (0x00007f6a7400b800):  JavaThread "main" [_thread_in_vm, id=639440, stack(0x00007f6a7a300000,0x00007f6a7a400000)]

siginfo: si_signo: 11 (SIGSEGV), si_code: 1 (SEGV_MAPERR), si_addr: 0x000000000000000c

Registers:
RAX=0x0000000000000000, RBX=0x0000000000000000, RCX=0x0000000000000000, RDX=0x0000000000000000
RSP=0x00007f6a7a3fb6e0, RBP=0x00007f6a7a3fb770, RSI=0x00007f6a7a3fb908, RDI=0x0000000743b80ac8
R8 =0x00007f6a7a3fb7a0, R9 =0x00007f6a7a3fb8f0, R10=0x00007f6a650183fb, R11=0x00007f6a7ae24300
R12=0x00007f6a7a3fb908, R13=0x0000000000000000, R14=0x00007f6a7400ba60, R15=0x00007f6a7400b800
RIP=0x00007f6a7ab13e13, EFLAGS=0x0000000000010246, CSGSFS=0x002b000000000033, ERR=0x0000000000000004
  TRAPNO=0x000000000000000e

Top of Stack: (sp=0x00007f6a7a3fb6e0)
0x00007f6a7a3fb6e0:   00007f6a7a3fbd90 00007f6a7a3fb7a0
0x00007f6a7a3fb6f0:   00007f6a7400b800 0000000000000000
0x00007f6a7a3fb700:   00007f6a5f975538 00007f6a5f925688
0x00007f6a7a3fb710:   000000075f93da08 00007f6a7400b800
0x00007f6a7a3fb720:   00007f6a7a3fb770 00007f6a7ab0868d
0x00007f6a7a3fb730:   00007f6a7400b800 00007f6a7400b800
0x00007f6a7a3fb740:   00007f6a7a3fb770 00007f6a7a3fb7a0
0x00007f6a7a3fb750:   00007f6a7a3fb908 0000000000000000
0x00007f6a7a3fb760:   00007f6a7400ba60 00007f6a7a3fb7a0
0x00007f6a7a3fb770:   00007f6a7a3fb860 00007f6a7a2de4cc
0x00007f6a7a3fb780:   00007f6a7400b800 00007f6a7a3fb8f0
0x00007f6a7a3fb790:   0000000000000000 0000000000000001
0x00007f6a7a3fb7a0:   000000005fb14308 000000075f9c48e8
0x00007f6a7a3fb7b0:   00007f6a7a3fca90 00007f6a7a3fca94
0x00007f6a7a3fb7c0:   00007f6a7a3fb820 00007f6a65007d80
0x00007f6a7a3fb7d0:   00007f6a65007d80 0000000000000000
0x00007f6a7a3fb7e0:   00007f6a7a3fb7e0 00007f6a5f9dd2d4
0x00007f6a7a3fb7f0:   00007f6a7a3fb898 00007f6a5f9dd5f8
0x00007f6a7a3fb800:   0000000000000000 00007f6a5f9dd360
0x00007f6a7a3fb810:   0000000000000000 00007f6a7a3fb870
0x00007f6a7a3fb820:   00007f6a74311eb0 9905fc5afd78e200
0x00007f6a7a3fb830:   00007f6a6400d404 00007f6a5f80c1f8
0x00007f6a7a3fb840:   0000000000000000 00007f6a5f80c1f0
0x00007f6a7a3fb850:   00007f6a7a3fb908 00007f6a7400b800
0x00007f6a7a3fb860:   00007f6a7a3fb8d0 00007f6a65018427
0x00007f6a7a3fb870:   0000000000000000 00007f6a5f80ca70
0x00007f6a7a3fb880:   0000000000000000 00007f6a7a3fb8a0
0x00007f6a7a3fb890:   00007f6a7a3fb890 0000000000000000
0x00007f6a7a3fb8a0:   00007f6a7a3fb908 00007f6a5f8bb938
0x00007f6a7a3fb8b0:   0000000000000000 00007f6a5f80c1f8
0x00007f6a7a3fb8c0:   0000000000000000 00007f6a7a3fb8f0
0x00007f6a7a3fb8d0:   00007f6a7a3fb950 00007f6a65007d80 

Instructions: (pc=0x00007f6a7ab13e13)
0x00007f6a7ab13df3:   48 8d 05 36 4a 6b 00 8b 48 08 48 d3 e2 48 03 10
0x00007f6a7ab13e03:   48 8d 05 18 2c 6d 00 80 38 01 48 19 c0 83 e0 04
0x00007f6a7ab13e13:   8b 44 02 0c e9 b3 fe ff ff 0f 1f 40 00 4c 89 e7
0x00007f6a7ab13e23:   67 e8 f7 f6 02 00 48 89 c7 e9 89 fe ff ff 0f 1f 

Register to memory mapping:

RAX=0x0000000000000000 is an unknown value
RBX=0x0000000000000000 is an unknown value
RCX=0x0000000000000000 is an unknown value
RDX=0x0000000000000000 is an unknown value
RSP=0x00007f6a7a3fb6e0 is pointing into the stack for thread: 0x00007f6a7400b800
RBP=0x00007f6a7a3fb770 is pointing into the stack for thread: 0x00007f6a7400b800
RSI=0x00007f6a7a3fb908 is pointing into the stack for thread: 0x00007f6a7400b800
RDI=0x0000000743b80ac8 is an oop
java.lang.Class 
 - klass: 'java/lang/Class'
R8 =0x00007f6a7a3fb7a0 is pointing into the stack for thread: 0x00007f6a7400b800
R9 =0x00007f6a7a3fb8f0 is pointing into the stack for thread: 0x00007f6a7400b800
R10=0x00007f6a650183fb is at code_begin+859 in an Interpreter codelet
method entry point (kind = native)  [0x00007f6a650180a0, 0x00007f6a65018a40]  2464 bytes
R11=0x00007f6a7ae24300: <offset 0xa24300> in /usr/lib/jvm/java-8-openjdk/jre/lib/amd64/server/libjvm.so at 0x00007f6a7a400000
R12=0x00007f6a7a3fb908 is pointing into the stack for thread: 0x00007f6a7400b800
R13=0x0000000000000000 is an unknown value
R14=0x00007f6a7400ba60 is an unknown value
R15=0x00007f6a7400b800 is a thread


Stack: [0x00007f6a7a300000,0x00007f6a7a400000],  sp=0x00007f6a7a3fb6e0,  free space=1005k
Native frames: (J=compiled Java code, j=interpreted, Vv=VM code, C=native code)
V  [libjvm.so+0x713e13]
C  [libjava.so+0xd4cc]  Java_java_lang_Class_forName0+0x9c
j  java.lang.Class.forName0(Ljava/lang/String;ZLjava/lang/ClassLoader;Ljava/lang/Class;)Ljava/lang/Class;+0
j  java.lang.Class.forName(Ljava/lang/String;)Ljava/lang/Class;+11
v  ~StubRoutines::call_stub
V  [libjvm.so+0x698e46]
V  [libjvm.so+0x7161c1]
V  [libjvm.so+0x717afe]
C  [0188ce54-4110-47c0-9ade-4ee5c2f9c355.so+0x3cc7]  JNIEnv_::CallStaticObjectMethod(_jclass*, _jmethodID*, ...)+0xcb
C  [0188ce54-4110-47c0-9ade-4ee5c2f9c355.so+0x323e]  ClassFileLoad(_jvmtiEnv*, JNIEnv_*, _jclass*, _jobject*, char const*, _jobject*, int, unsigned char const*, int*, unsigned char**)+0xb2
V  [libjvm.so+0x7dc313]
V  [libjvm.so+0x7cbe55]
V  [libjvm.so+0x449f47]
V  [libjvm.so+0xaa3ad2]
V  [libjvm.so+0x7443fa]
V  [libjvm.so+0x746884]  JVM_DefineClassWithSource+0x84
C  [libjava.so+0xd9c5]  Java_java_lang_ClassLoader_defineClass1+0x185
j  java.lang.ClassLoader.defineClass1(Ljava/lang/String;[BIILjava/security/ProtectionDomain;Ljava/lang/String;)Ljava/lang/Class;+0
j  java.lang.ClassLoader.defineClass(Ljava/lang/String;[BIILjava/security/ProtectionDomain;)Ljava/lang/Class;+27
j  java.security.SecureClassLoader.defineClass(Ljava/lang/String;[BIILjava/security/CodeSource;)Ljava/lang/Class;+12
j  java.net.URLClassLoader.defineClass(Ljava/lang/String;Lsun/misc/Resource;)Ljava/lang/Class;+138
j  java.net.URLClassLoader.access$100(Ljava/net/URLClassLoader;Ljava/lang/String;Lsun/misc/Resource;)Ljava/lang/Class;+3
j  java.net.URLClassLoader$1.run()Ljava/lang/Class;+43
j  java.net.URLClassLoader$1.run()Ljava/lang/Object;+1
v  ~StubRoutines::call_stub
V  [libjvm.so+0x698e46]
V  [libjvm.so+0x756395]  JVM_DoPrivileged+0x2b5
j  java.security.AccessController.doPrivileged(Ljava/security/PrivilegedExceptionAction;Ljava/security/AccessControlContext;)Ljava/lang/Object;+0
j  java.net.URLClassLoader.findClass(Ljava/lang/String;)Ljava/lang/Class;+13
j  java.lang.ClassLoader.loadClass(Ljava/lang/String;Z)Ljava/lang/Class;+70
j  sun.misc.Launcher$AppClassLoader.loadClass(Ljava/lang/String;Z)Ljava/lang/Class;+81
j  java.lang.ClassLoader.loadClass(Ljava/lang/String;)Ljava/lang/Class;+3
v  ~StubRoutines::call_stub
V  [libjvm.so+0x698e46]
V  [libjvm.so+0x696578]
V  [libjvm.so+0x696c1a]
V  [libjvm.so+0xaa021e]
V  [libjvm.so+0xaa0ef2]
V  [libjvm.so+0xaa2cf5]
V  [libjvm.so+0x4de3e7]
V  [libjvm.so+0x6882fc]
j  me.fan87.javainjector.NativeInstrumentation.<init>()V+5
j  AgentMain.main([Ljava/lang/String;)V+6
v  ~StubRoutines::call_stub
V  [libjvm.so+0x698e46]
V  [libjvm.so+0x7161c1]
V  [libjvm.so+0x719010]
C  [libjli.so+0x3d8e]
C  [libc.so.6+0x868fd]

Java frames: (J=compiled Java code, j=interpreted, Vv=VM code)
j  java.lang.Class.forName0(Ljava/lang/String;ZLjava/lang/ClassLoader;Ljava/lang/Class;)Ljava/lang/Class;+0
j  java.lang.Class.forName(Ljava/lang/String;)Ljava/lang/Class;+11
v  ~StubRoutines::call_stub
j  java.lang.ClassLoader.defineClass1(Ljava/lang/String;[BIILjava/security/ProtectionDomain;Ljava/lang/String;)Ljava/lang/Class;+0
j  java.lang.ClassLoader.defineClass(Ljava/lang/String;[BIILjava/security/ProtectionDomain;)Ljava/lang/Class;+27
j  java.security.SecureClassLoader.defineClass(Ljava/lang/String;[BIILjava/security/CodeSource;)Ljava/lang/Class;+12
j  java.net.URLClassLoader.defineClass(Ljava/lang/String;Lsun/misc/Resource;)Ljava/lang/Class;+138
j  java.net.URLClassLoader.access$100(Ljava/net/URLClassLoader;Ljava/lang/String;Lsun/misc/Resource;)Ljava/lang/Class;+3
j  java.net.URLClassLoader$1.run()Ljava/lang/Class;+43
j  java.net.URLClassLoader$1.run()Ljava/lang/Object;+1
v  ~StubRoutines::call_stub
j  java.security.AccessController.doPrivileged(Ljava/security/PrivilegedExceptionAction;Ljava/security/AccessControlContext;)Ljava/lang/Object;+0
j  java.net.URLClassLoader.findClass(Ljava/lang/String;)Ljava/lang/Class;+13
j  java.lang.ClassLoader.loadClass(Ljava/lang/String;Z)Ljava/lang/Class;+70
j  sun.misc.Launcher$AppClassLoader.loadClass(Ljava/lang/String;Z)Ljava/lang/Class;+81
j  java.lang.ClassLoader.loadClass(Ljava/lang/String;)Ljava/lang/Class;+3
v  ~StubRoutines::call_stub
j  me.fan87.javainjector.NativeInstrumentation.<init>()V+5
j  AgentMain.main([Ljava/lang/String;)V+6
v  ~StubRoutines::call_stub

---------------  P R O C E S S  ---------------

Java Threads: ( => current thread )
  0x00007f6a742e9800 JavaThread "Service Thread" daemon [_thread_blocked, id=639469, stack(0x00007f6a5d2fc000,0x00007f6a5d3fc000)]
  0x00007f6a742c4000 JavaThread "C1 CompilerThread3" daemon [_thread_blocked, id=639468, stack(0x00007f6a5d3fd000,0x00007f6a5d4fd000)]
  0x00007f6a742c2000 JavaThread "C2 CompilerThread2" daemon [_thread_blocked, id=639467, stack(0x00007f6a5d4fe000,0x00007f6a5d5fe000)]
  0x00007f6a742bf800 JavaThread "C2 CompilerThread1" daemon [_thread_blocked, id=639466, stack(0x00007f6a5d5ff000,0x00007f6a5d6ff000)]
  0x00007f6a742be000 JavaThread "C2 CompilerThread0" daemon [_thread_blocked, id=639465, stack(0x00007f6a5d700000,0x00007f6a5d800000)]
  0x00007f6a74283000 JavaThread "Monitor Ctrl-Break" daemon [_thread_in_native, id=639464, stack(0x00007f6a5d800000,0x00007f6a5d900000)]
  0x00007f6a7420b800 JavaThread "Signal Dispatcher" daemon [_thread_blocked, id=639456, stack(0x00007f6a5d900000,0x00007f6a5da00000)]
  0x00007f6a741d8800 JavaThread "Finalizer" daemon [_thread_blocked, id=639451, stack(0x00007f6a5dde8000,0x00007f6a5dee8000)]
  0x00007f6a741d4000 JavaThread "Reference Handler" daemon [_thread_blocked, id=639450, stack(0x00007f6a5dee8000,0x00007f6a5dfe8000)]
=>0x00007f6a7400b800 JavaThread "main" [_thread_in_vm, id=639440, stack(0x00007f6a7a300000,0x00007f6a7a400000)]

Other Threads:
  0x00007f6a741ca800 VMThread [stack: 0x00007f6a5dfe9000,0x00007f6a5e0e9000] [id=639449]
  0x00007f6a742eb800 WatcherThread [stack: 0x00007f6a5d1fc000,0x00007f6a5d2fc000] [id=639470]

VM state:not at safepoint (normal execution)

VM Mutex/Monitor currently owned by a thread: None

heap address: 0x000000064b200000, size: 5966 MB, Compressed Oops mode: Zero based, Oop shift amount: 3
Narrow klass base: 0x0000000000000000, Narrow klass shift: 3
Compressed class space size: 1073741824 Address: 0x00000007c0000000

Heap:
 PSYoungGen      total 111616K, used 7915K [0x0000000743b80000, 0x000000074b800000, 0x00000007c0000000)
  eden space 95744K, 8% used [0x0000000743b80000,0x000000074433ae50,0x0000000749900000)
  from space 15872K, 0% used [0x000000074a880000,0x000000074a880000,0x000000074b800000)
  to   space 15872K, 0% used [0x0000000749900000,0x0000000749900000,0x000000074a880000)
 ParOldGen       total 255488K, used 0K [0x000000064b200000, 0x000000065ab80000, 0x0000000743b80000)
  object space 255488K, 0% used [0x000000064b200000,0x000000064b200000,0x000000065ab80000)
 Metaspace       used 3671K, capacity 4604K, committed 4864K, reserved 1056768K
  class space    used 402K, capacity 428K, committed 512K, reserved 1048576K

Card table byte_map: [0x00007f6a79369000,0x00007f6a79f11000] byte_map_base: 0x00007f6a76110000

Marking Bits: (ParMarkBitMap*) 0x00007f6a7b1f2fc0
 Begin Bits: [0x00007f6a24590000, 0x00007f6a2a2c8000)
 End Bits:   [0x00007f6a2a2c8000, 0x00007f6a30000000)

Polling page: 0x00007f6a7b535000

CodeCache: size=245760Kb used=1255Kb max_used=1255Kb free=244504Kb
 bounds [0x00007f6a65000000, 0x00007f6a65270000, 0x00007f6a74000000]
 total_blobs=353 nmethods=85 adapters=182
 compilation: enabled

Compilation events (10 events):
Event: 0.091 Thread 0x00007f6a742c4000 nmethod 75 0x00007f6a6512b1d0 code [0x00007f6a6512b340, 0x00007f6a6512b530]
Event: 0.091 Thread 0x00007f6a742c4000   77       3       java.util.HashMap::putVal (300 bytes)
Event: 0.092 Thread 0x00007f6a742c4000 nmethod 77 0x00007f6a65131910 code [0x00007f6a65131b80, 0x00007f6a65132e18]
Event: 0.092 Thread 0x00007f6a742c4000   76       1       java.util.HashMap$Node::getValue (5 bytes)
Event: 0.092 Thread 0x00007f6a742c4000 nmethod 76 0x00007f6a65131650 code [0x00007f6a651317a0, 0x00007f6a651318b0]
Event: 0.092 Thread 0x00007f6a742c4000   73       1       sun.util.locale.BaseLocale::getLanguage (5 bytes)
Event: 0.092 Thread 0x00007f6a742c4000 nmethod 73 0x00007f6a65131390 code [0x00007f6a651314e0, 0x00007f6a651315f0]
Event: 0.093 Thread 0x00007f6a742c4000   78       3       java.io.File::isInvalid (47 bytes)
Event: 0.094 Thread 0x00007f6a742c4000 nmethod 78 0x00007f6a65133490 code [0x00007f6a65133620, 0x00007f6a65133b48]
Event: 0.094 Thread 0x00007f6a742c4000   81  s!   3       sun.misc.URLClassPath::getLoader (243 bytes)

GC Heap History (0 events):
No events

Deoptimization events (1 events):
Event: 0.069 Thread 0x00007f6a7400b800 Uncommon trap: reason=unstable_if action=reinterpret pc=0x00007f6a65121da8 method=java.io.BufferedInputStream.read()I @ 8

Classes redefined (0 events):
No events

Internal exceptions (6 events):
Event: 0.014 Thread 0x00007f6a7400b800 Exception <a 'java/lang/NoSuchMethodError': Method sun.misc.Unsafe.defineClass(Ljava/lang/String;[BII)Ljava/lang/Class; name or signature does not match> (0x0000000743b87cd8) thrown at [/build/java8-openjdk/src/jdk8u-jdk8u352-b08/hotspot/src/share/vm/prim
Event: 0.014 Thread 0x00007f6a7400b800 Exception <a 'java/lang/NoSuchMethodError': Method sun.misc.Unsafe.prefetchRead(Ljava/lang/Object;J)V name or signature does not match> (0x0000000743b87fc0) thrown at [/build/java8-openjdk/src/jdk8u-jdk8u352-b08/hotspot/src/share/vm/prims/jni.cpp, line 40
Event: 0.065 Thread 0x00007f6a7400b800 Exception <a 'java/security/PrivilegedActionException'> (0x0000000743ce26c8) thrown at [/build/java8-openjdk/src/jdk8u-jdk8u352-b08/hotspot/src/share/vm/prims/jvm.cpp, line 1512]
Event: 0.065 Thread 0x00007f6a7400b800 Exception <a 'java/security/PrivilegedActionException'> (0x0000000743ce28d8) thrown at [/build/java8-openjdk/src/jdk8u-jdk8u352-b08/hotspot/src/share/vm/prims/jvm.cpp, line 1512]
Event: 0.065 Thread 0x00007f6a7400b800 Exception <a 'java/security/PrivilegedActionException'> (0x0000000743ce4d98) thrown at [/build/java8-openjdk/src/jdk8u-jdk8u352-b08/hotspot/src/share/vm/prims/jvm.cpp, line 1512]
Event: 0.065 Thread 0x00007f6a7400b800 Exception <a 'java/security/PrivilegedActionException'> (0x0000000743ce4fa8) thrown at [/build/java8-openjdk/src/jdk8u-jdk8u352-b08/hotspot/src/share/vm/prims/jvm.cpp, line 1512]

Events (10 events):
Event: 0.092 loading class java/security/MessageDigest$Delegate
Event: 0.092 loading class sun/security/util/MessageDigestSpi2
Event: 0.093 loading class sun/security/util/MessageDigestSpi2 done
Event: 0.093 loading class java/security/MessageDigest$Delegate done
Event: 0.093 loading class sun/security/provider/ByteArrayAccess
Event: 0.093 loading class sun/security/provider/ByteArrayAccess done
Event: 0.093 loading class java/io/FileOutputStream$1
Event: 0.093 loading class java/io/FileOutputStream$1 done
Event: 0.094 loading class me/fan87/javainjector/TransformerManager
Event: 0.094 loading class me/fan87/javainjector/TransformerManager done


Dynamic libraries:
64b200000-65ab80000 rw-p 00000000 00:00 0 
65ab80000-743b80000 ---p 00000000 00:00 0 
743b80000-74b800000 rw-p 00000000 00:00 0 
74b800000-7c0000000 ---p 00000000 00:00 0 
7c0000000-7c0080000 rw-p 00000000 00:00 0 
7c0080000-800000000 ---p 00000000 00:00 0 
560b5daf1000-560b5daf2000 r--p 00000000 103:03 2245027                   /usr/lib/jvm/java-8-openjdk/jre/bin/java
560b5daf2000-560b5daf3000 r-xp 00001000 103:03 2245027                   /usr/lib/jvm/java-8-openjdk/jre/bin/java
560b5daf3000-560b5daf4000 r--p 00002000 103:03 2245027                   /usr/lib/jvm/java-8-openjdk/jre/bin/java
560b5daf4000-560b5daf5000 r--p 00002000 103:03 2245027                   /usr/lib/jvm/java-8-openjdk/jre/bin/java
560b5daf5000-560b5daf6000 rw-p 00003000 103:03 2245027                   /usr/lib/jvm/java-8-openjdk/jre/bin/java
560b5f62d000-560b5f64e000 rw-p 00000000 00:00 0                          [heap]
7f69f8000000-7f69f8021000 rw-p 00000000 00:00 0 
7f69f8021000-7f69fc000000 ---p 00000000 00:00 0 
7f69fc000000-7f69fc021000 rw-p 00000000 00:00 0 
7f69fc021000-7f6a00000000 ---p 00000000 00:00 0 
7f6a00000000-7f6a00036000 rw-p 00000000 00:00 0 
7f6a00036000-7f6a04000000 ---p 00000000 00:00 0 
7f6a04000000-7f6a04034000 rw-p 00000000 00:00 0 
7f6a04034000-7f6a08000000 ---p 00000000 00:00 0 
7f6a08000000-7f6a08032000 rw-p 00000000 00:00 0 
7f6a08032000-7f6a0c000000 ---p 00000000 00:00 0 
7f6a0c000000-7f6a0c05f000 rw-p 00000000 00:00 0 
7f6a0c05f000-7f6a10000000 ---p 00000000 00:00 0 
7f6a10000000-7f6a10021000 rw-p 00000000 00:00 0 
7f6a10021000-7f6a14000000 ---p 00000000 00:00 0 
7f6a14000000-7f6a14037000 rw-p 00000000 00:00 0 
7f6a14037000-7f6a18000000 ---p 00000000 00:00 0 
7f6a18000000-7f6a18021000 rw-p 00000000 00:00 0 
7f6a18021000-7f6a1c000000 ---p 00000000 00:00 0 
7f6a1c000000-7f6a1c021000 rw-p 00000000 00:00 0 
7f6a1c021000-7f6a20000000 ---p 00000000 00:00 0 
7f6a20000000-7f6a20021000 rw-p 00000000 00:00 0 
7f6a20021000-7f6a24000000 ---p 00000000 00:00 0 
7f6a24590000-7f6a30000000 rw-p 00000000 00:00 0 
7f6a30000000-7f6a30021000 rw-p 00000000 00:00 0 
7f6a30021000-7f6a34000000 ---p 00000000 00:00 0 
7f6a34000000-7f6a34021000 rw-p 00000000 00:00 0 
7f6a34021000-7f6a38000000 ---p 00000000 00:00 0 
7f6a38000000-7f6a38021000 rw-p 00000000 00:00 0 
7f6a38021000-7f6a3c000000 ---p 00000000 00:00 0 
7f6a40000000-7f6a40021000 rw-p 00000000 00:00 0 
7f6a40021000-7f6a44000000 ---p 00000000 00:00 0 
7f6a48000000-7f6a48021000 rw-p 00000000 00:00 0 
7f6a48021000-7f6a4c000000 ---p 00000000 00:00 0 
7f6a50000000-7f6a50021000 rw-p 00000000 00:00 0 
7f6a50021000-7f6a54000000 ---p 00000000 00:00 0 
7f6a58000000-7f6a58021000 rw-p 00000000 00:00 0 
7f6a58021000-7f6a5c000000 ---p 00000000 00:00 0 
7f6a5ce00000-7f6a5ce99000 r--p 00000000 103:03 2101337                   /usr/lib/libstdc++.so.6.0.30
7f6a5ce99000-7f6a5cfaf000 r-xp 00099000 103:03 2101337                   /usr/lib/libstdc++.so.6.0.30
7f6a5cfaf000-7f6a5d026000 r--p 001af000 103:03 2101337                   /usr/lib/libstdc++.so.6.0.30
7f6a5d026000-7f6a5d033000 r--p 00225000 103:03 2101337                   /usr/lib/libstdc++.so.6.0.30
7f6a5d033000-7f6a5d034000 rw-p 00232000 103:03 2101337                   /usr/lib/libstdc++.so.6.0.30
7f6a5d034000-7f6a5d037000 rw-p 00000000 00:00 0 
7f6a5d1fb000-7f6a5d1fc000 ---p 00000000 00:00 0 
7f6a5d1fc000-7f6a5d2fc000 rw-p 00000000 00:00 0 
7f6a5d2fc000-7f6a5d2ff000 ---p 00000000 00:00 0 
7f6a5d2ff000-7f6a5d3fc000 rw-p 00000000 00:00 0 
7f6a5d3fc000-7f6a5d3fd000 ---p 00000000 00:00 0 
7f6a5d3fd000-7f6a5d400000 ---p 00000000 00:00 0 
7f6a5d400000-7f6a5d4fd000 rw-p 00000000 00:00 0 
7f6a5d4fd000-7f6a5d4fe000 ---p 00000000 00:00 0 
7f6a5d4fe000-7f6a5d501000 ---p 00000000 00:00 0 
7f6a5d501000-7f6a5d5fe000 rw-p 00000000 00:00 0 
7f6a5d5fe000-7f6a5d5ff000 ---p 00000000 00:00 0 
7f6a5d5ff000-7f6a5d602000 ---p 00000000 00:00 0 
7f6a5d602000-7f6a5d6ff000 rw-p 00000000 00:00 0 
7f6a5d6ff000-7f6a5d700000 ---p 00000000 00:00 0 
7f6a5d700000-7f6a5d703000 ---p 00000000 00:00 0 
7f6a5d703000-7f6a5d800000 rw-p 00000000 00:00 0 
7f6a5d800000-7f6a5d803000 ---p 00000000 00:00 0 
7f6a5d803000-7f6a5d900000 rw-p 00000000 00:00 0 
7f6a5d900000-7f6a5d903000 ---p 00000000 00:00 0 
7f6a5d903000-7f6a5da00000 rw-p 00000000 00:00 0 
7f6a5da00000-7f6a5dce9000 r--p 00000000 103:03 2168942                   /usr/lib/locale/locale-archive
7f6a5dd8e000-7f6a5dd91000 r--p 00000000 103:03 2101307                   /usr/lib/libgcc_s.so.1
7f6a5dd91000-7f6a5dda8000 r-xp 00003000 103:03 2101307                   /usr/lib/libgcc_s.so.1
7f6a5dda8000-7f6a5ddac000 r--p 0001a000 103:03 2101307                   /usr/lib/libgcc_s.so.1
7f6a5ddac000-7f6a5ddad000 r--p 0001d000 103:03 2101307                   /usr/lib/libgcc_s.so.1
7f6a5ddad000-7f6a5ddae000 rw-p 0001e000 103:03 2101307                   /usr/lib/libgcc_s.so.1
7f6a5dde8000-7f6a5ddeb000 ---p 00000000 00:00 0 
7f6a5ddeb000-7f6a5dee8000 rw-p 00000000 00:00 0 
7f6a5dee8000-7f6a5deeb000 ---p 00000000 00:00 0 
7f6a5deeb000-7f6a5dfe8000 rw-p 00000000 00:00 0 
7f6a5dfe8000-7f6a5dfe9000 ---p 00000000 00:00 0 
7f6a5dfe9000-7f6a5fc40000 rw-p 00000000 00:00 0 
7f6a5fc40000-7f6a60000000 ---p 00000000 00:00 0 
7f6a60000000-7f6a60021000 rw-p 00000000 00:00 0 
7f6a60021000-7f6a64000000 ---p 00000000 00:00 0 
7f6a6400d000-7f6a6400f000 r--p 00000000 00:24 4300                       /tmp/0188ce54-4110-47c0-9ade-4ee5c2f9c355.so
7f6a6400f000-7f6a64012000 r-xp 00002000 00:24 4300                       /tmp/0188ce54-4110-47c0-9ade-4ee5c2f9c355.so
7f6a64012000-7f6a64013000 r--p 00005000 00:24 4300                       /tmp/0188ce54-4110-47c0-9ade-4ee5c2f9c355.so
7f6a64013000-7f6a64014000 r--p 00006000 00:24 4300                       /tmp/0188ce54-4110-47c0-9ade-4ee5c2f9c355.so
7f6a64014000-7f6a64015000 rw-p 00007000 00:24 4300                       /tmp/0188ce54-4110-47c0-9ade-4ee5c2f9c355.so
7f6a64015000-7f6a64026000 r--s 001c5000 103:03 2245118                   /usr/lib/jvm/java-8-openjdk/jre/lib/jsse.jar
7f6a64026000-7f6a6402b000 r--p 00000000 103:03 2245064                   /usr/lib/jvm/java-8-openjdk/jre/lib/amd64/libnet.so
7f6a6402b000-7f6a6403b000 r-xp 00005000 103:03 2245064                   /usr/lib/jvm/java-8-openjdk/jre/lib/amd64/libnet.so
7f6a6403b000-7f6a6403f000 r--p 00015000 103:03 2245064                   /usr/lib/jvm/java-8-openjdk/jre/lib/amd64/libnet.so
7f6a6403f000-7f6a64040000 r--p 00018000 103:03 2245064                   /usr/lib/jvm/java-8-openjdk/jre/lib/amd64/libnet.so
7f6a64040000-7f6a64041000 rw-p 00019000 103:03 2245064                   /usr/lib/jvm/java-8-openjdk/jre/lib/amd64/libnet.so
7f6a64041000-7f6a64048000 r--p 00000000 103:03 2245065                   /usr/lib/jvm/java-8-openjdk/jre/lib/amd64/libnio.so
7f6a64048000-7f6a64050000 r-xp 00007000 103:03 2245065                   /usr/lib/jvm/java-8-openjdk/jre/lib/amd64/libnio.so
7f6a64050000-7f6a64053000 r--p 0000f000 103:03 2245065                   /usr/lib/jvm/java-8-openjdk/jre/lib/amd64/libnio.so
7f6a64053000-7f6a64054000 r--p 00012000 103:03 2245065                   /usr/lib/jvm/java-8-openjdk/jre/lib/amd64/libnio.so
7f6a64054000-7f6a64055000 rw-p 00013000 103:03 2245065                   /usr/lib/jvm/java-8-openjdk/jre/lib/amd64/libnio.so
7f6a64055000-7f6a65000000 rw-p 00000000 00:00 0 
7f6a65000000-7f6a65270000 rwxp 00000000 00:00 0 
7f6a65270000-7f6a74000000 ---p 00000000 00:00 0 
7f6a74000000-7f6a7434a000 rw-p 00000000 00:00 0 
7f6a7434a000-7f6a78000000 ---p 00000000 00:00 0 
7f6a78006000-7f6a7800d000 r--s 000d3000 103:03 2245115                   /usr/lib/jvm/java-8-openjdk/jre/lib/jfr.jar
7f6a7800d000-7f6a7800f000 r--s 0001f000 103:03 26370830                  /home/fan87/.local/share/JetBrains/Toolbox/apps/IDEA-U/ch-0/223.8214.16/lib/idea_rt.jar
7f6a7800f000-7f6a78011000 r--s 0000b000 103:03 26109017                  /home/fan87/.gradle/caches/modules-2/files-2.1/org.ow2.asm/asm-tree/9.3/78d2ecd61318b5a58cd04fb237636c0e86b77d97/asm-tree-9.3.jar
7f6a78011000-7f6a78013000 r--s 00007000 103:03 26109014                  /home/fan87/.gradle/caches/modules-2/files-2.1/org.ow2.asm/asm-analysis/9.3/4b071f211b37c38e0e9f5998550197c8593f6ad8/asm-analysis-9.3.jar
7f6a78013000-7f6a78025000 r--s 0034c000 103:03 2245131                   /usr/lib/jvm/java-8-openjdk/jre/lib/resources.jar
7f6a78025000-7f6a78036000 r--s 001c5000 103:03 2245118                   /usr/lib/jvm/java-8-openjdk/jre/lib/jsse.jar
7f6a78036000-7f6a78084000 rw-p 00000000 00:00 0 
7f6a78084000-7f6a78256000 r--s 03cbc000 103:03 2245132                   /usr/lib/jvm/java-8-openjdk/jre/lib/rt.jar
7f6a78256000-7f6a7839c000 rw-p 00000000 00:00 0 
7f6a7839c000-7f6a7839d000 ---p 00000000 00:00 0 
7f6a7839d000-7f6a7849d000 rw-p 00000000 00:00 0 
7f6a7849d000-7f6a7849e000 ---p 00000000 00:00 0 
7f6a7849e000-7f6a7859e000 rw-p 00000000 00:00 0 
7f6a7859e000-7f6a7859f000 ---p 00000000 00:00 0 
7f6a7859f000-7f6a7869f000 rw-p 00000000 00:00 0 
7f6a7869f000-7f6a786a0000 ---p 00000000 00:00 0 
7f6a786a0000-7f6a787a0000 rw-p 00000000 00:00 0 
7f6a787a0000-7f6a787a1000 ---p 00000000 00:00 0 
7f6a787a1000-7f6a788a1000 rw-p 00000000 00:00 0 
7f6a788a1000-7f6a788a2000 ---p 00000000 00:00 0 
7f6a788a2000-7f6a789a2000 rw-p 00000000 00:00 0 
7f6a789a2000-7f6a789a3000 ---p 00000000 00:00 0 
7f6a789a3000-7f6a78aa3000 rw-p 00000000 00:00 0 
7f6a78aa3000-7f6a78aa4000 ---p 00000000 00:00 0 
7f6a78aa4000-7f6a78c21000 rw-p 00000000 00:00 0 
7f6a78c21000-7f6a79369000 ---p 00000000 00:00 0 
7f6a79369000-7f6a793e6000 rw-p 00000000 00:00 0 
7f6a793e6000-7f6a79b2d000 ---p 00000000 00:00 0 
7f6a79b2d000-7f6a79b6c000 rw-p 00000000 00:00 0 
7f6a79b6c000-7f6a79f10000 ---p 00000000 00:00 0 
7f6a79f10000-7f6a79f1b000 rw-p 00000000 00:00 0 
7f6a79f1b000-7f6a7a2d1000 ---p 00000000 00:00 0 
7f6a7a2d1000-7f6a7a2de000 r--p 00000000 103:03 2245054                   /usr/lib/jvm/java-8-openjdk/jre/lib/amd64/libjava.so
7f6a7a2de000-7f6a7a2f5000 r-xp 0000d000 103:03 2245054                   /usr/lib/jvm/java-8-openjdk/jre/lib/amd64/libjava.so
7f6a7a2f5000-7f6a7a2fc000 r--p 00024000 103:03 2245054                   /usr/lib/jvm/java-8-openjdk/jre/lib/amd64/libjava.so
7f6a7a2fc000-7f6a7a2fd000 r--p 0002a000 103:03 2245054                   /usr/lib/jvm/java-8-openjdk/jre/lib/amd64/libjava.so
7f6a7a2fd000-7f6a7a2fe000 rw-p 0002b000 103:03 2245054                   /usr/lib/jvm/java-8-openjdk/jre/lib/amd64/libjava.so
7f6a7a2fe000-7f6a7a2ff000 rw-p 00000000 00:00 0 
7f6a7a2ff000-7f6a7a300000 ---p 00000000 00:00 0 
7f6a7a300000-7f6a7a303000 ---p 00000000 00:00 0 
7f6a7a303000-7f6a7a400000 rw-p 00000000 00:00 0 
7f6a7a400000-7f6a7a5f7000 r--p 00000000 103:03 2245076                   /usr/lib/jvm/java-8-openjdk/jre/lib/amd64/server/libjvm.so
7f6a7a5f7000-7f6a7af6a000 r-xp 001f7000 103:03 2245076                   /usr/lib/jvm/java-8-openjdk/jre/lib/amd64/server/libjvm.so
7f6a7af6a000-7f6a7b11d000 r--p 00b6a000 103:03 2245076                   /usr/lib/jvm/java-8-openjdk/jre/lib/amd64/server/libjvm.so
7f6a7b11d000-7f6a7b1b4000 r--p 00d1d000 103:03 2245076                   /usr/lib/jvm/java-8-openjdk/jre/lib/amd64/server/libjvm.so
7f6a7b1b4000-7f6a7b1dd000 rw-p 00db4000 103:03 2245076                   /usr/lib/jvm/java-8-openjdk/jre/lib/amd64/server/libjvm.so
7f6a7b1dd000-7f6a7b210000 rw-p 00000000 00:00 0 
7f6a7b211000-7f6a7b213000 r--s 0001c000 103:03 26109013                  /home/fan87/.gradle/caches/modules-2/files-2.1/org.ow2.asm/asm/9.3/8e6300ef51c1d801a7ed62d07cd221aca3a90640/asm-9.3.jar
7f6a7b213000-7f6a7b214000 r--s 00011000 103:03 26090001                  /home/fan87/.gradle/caches/modules-2/files-2.1/org.ow2.asm/asm-commons/9.3/1f2a432d1212f5c352ae607d7b61dcae20c20af5/asm-commons-9.3.jar
7f6a7b214000-7f6a7b215000 r--s 00014000 103:03 26109018                  /home/fan87/.gradle/caches/modules-2/files-2.1/org.ow2.asm/asm-util/9.3/9595bc05510d0bd4b610188b77333fe4851a1975/asm-util-9.3.jar
7f6a7b215000-7f6a7b216000 r--s 00000000 103:03 2245122                   /usr/lib/jvm/java-8-openjdk/jre/lib/management-agent.jar
7f6a7b216000-7f6a7b21d000 r--s 000d3000 103:03 2245115                   /usr/lib/jvm/java-8-openjdk/jre/lib/jfr.jar
7f6a7b21d000-7f6a7b21e000 r--p 00000000 103:03 2100543                   /usr/lib/librt.so.1
7f6a7b21e000-7f6a7b21f000 r-xp 00001000 103:03 2100543                   /usr/lib/librt.so.1
7f6a7b21f000-7f6a7b220000 r--p 00002000 103:03 2100543                   /usr/lib/librt.so.1
7f6a7b220000-7f6a7b221000 r--p 00002000 103:03 2100543                   /usr/lib/librt.so.1
7f6a7b221000-7f6a7b222000 rw-p 00003000 103:03 2100543                   /usr/lib/librt.so.1
7f6a7b222000-7f6a7b230000 r--p 00000000 103:03 2100517                   /usr/lib/libm.so.6
7f6a7b230000-7f6a7b2aa000 r-xp 0000e000 103:03 2100517                   /usr/lib/libm.so.6
7f6a7b2aa000-7f6a7b308000 r--p 00088000 103:03 2100517                   /usr/lib/libm.so.6
7f6a7b308000-7f6a7b309000 r--p 000e5000 103:03 2100517                   /usr/lib/libm.so.6
7f6a7b309000-7f6a7b30a000 rw-p 000e6000 103:03 2100517                   /usr/lib/libm.so.6
7f6a7b30a000-7f6a7b30c000 rw-p 00000000 00:00 0 
7f6a7b30c000-7f6a7b30f000 r--p 00000000 103:03 2110504                   /usr/lib/libz.so.1.2.13
7f6a7b30f000-7f6a7b31d000 r-xp 00003000 103:03 2110504                   /usr/lib/libz.so.1.2.13
7f6a7b31d000-7f6a7b324000 r--p 00011000 103:03 2110504                   /usr/lib/libz.so.1.2.13
7f6a7b324000-7f6a7b325000 r--p 00017000 103:03 2110504                   /usr/lib/libz.so.1.2.13
7f6a7b325000-7f6a7b326000 rw-p 00018000 103:03 2110504                   /usr/lib/libz.so.1.2.13
7f6a7b326000-7f6a7b348000 r--p 00000000 103:03 2100505                   /usr/lib/libc.so.6
7f6a7b348000-7f6a7b4a3000 r-xp 00022000 103:03 2100505                   /usr/lib/libc.so.6
7f6a7b4a3000-7f6a7b4fa000 r--p 0017d000 103:03 2100505                   /usr/lib/libc.so.6
7f6a7b4fa000-7f6a7b4fe000 r--p 001d4000 103:03 2100505                   /usr/lib/libc.so.6
7f6a7b4fe000-7f6a7b500000 rw-p 001d8000 103:03 2100505                   /usr/lib/libc.so.6
7f6a7b500000-7f6a7b50d000 rw-p 00000000 00:00 0 
7f6a7b50d000-7f6a7b50f000 r--s 00016000 103:03 2245112                   /usr/lib/jvm/java-8-openjdk/jre/lib/jce.jar
7f6a7b50f000-7f6a7b514000 r--s 002f9000 103:03 2245079                   /usr/lib/jvm/java-8-openjdk/jre/lib/charsets.jar
7f6a7b514000-7f6a7b517000 r--p 00000000 103:03 2245072                   /usr/lib/jvm/java-8-openjdk/jre/lib/amd64/libzip.so
7f6a7b517000-7f6a7b51b000 r-xp 00003000 103:03 2245072                   /usr/lib/jvm/java-8-openjdk/jre/lib/amd64/libzip.so
7f6a7b51b000-7f6a7b51d000 r--p 00007000 103:03 2245072                   /usr/lib/jvm/java-8-openjdk/jre/lib/amd64/libzip.so
7f6a7b51d000-7f6a7b51e000 r--p 00008000 103:03 2245072                   /usr/lib/jvm/java-8-openjdk/jre/lib/amd64/libzip.so
7f6a7b51e000-7f6a7b51f000 rw-p 00009000 103:03 2245072                   /usr/lib/jvm/java-8-openjdk/jre/lib/amd64/libzip.so
7f6a7b51f000-7f6a7b527000 rw-s 00000000 00:24 4299                       /tmp/hsperfdata_fan87/639437
7f6a7b527000-7f6a7b529000 r--p 00000000 103:03 2245049                   /usr/lib/jvm/java-8-openjdk/jre/lib/amd64/libinstrument.so
7f6a7b529000-7f6a7b52f000 r-xp 00002000 103:03 2245049                   /usr/lib/jvm/java-8-openjdk/jre/lib/amd64/libinstrument.so
7f6a7b52f000-7f6a7b532000 r--p 00008000 103:03 2245049                   /usr/lib/jvm/java-8-openjdk/jre/lib/amd64/libinstrument.so
7f6a7b532000-7f6a7b533000 r--p 0000a000 103:03 2245049                   /usr/lib/jvm/java-8-openjdk/jre/lib/amd64/libinstrument.so
7f6a7b533000-7f6a7b534000 rw-p 0000b000 103:03 2245049                   /usr/lib/jvm/java-8-openjdk/jre/lib/amd64/libinstrument.so
7f6a7b534000-7f6a7b535000 rw-p 00000000 00:00 0 
7f6a7b535000-7f6a7b536000 r--p 00000000 00:00 0 
7f6a7b536000-7f6a7b53b000 r--p 00000000 103:03 2245071                   /usr/lib/jvm/java-8-openjdk/jre/lib/amd64/libverify.so
7f6a7b53b000-7f6a7b542000 r-xp 00005000 103:03 2245071                   /usr/lib/jvm/java-8-openjdk/jre/lib/amd64/libverify.so
7f6a7b542000-7f6a7b544000 r--p 0000c000 103:03 2245071                   /usr/lib/jvm/java-8-openjdk/jre/lib/amd64/libverify.so
7f6a7b544000-7f6a7b546000 r--p 0000d000 103:03 2245071                   /usr/lib/jvm/java-8-openjdk/jre/lib/amd64/libverify.so
7f6a7b546000-7f6a7b547000 rw-p 0000f000 103:03 2245071                   /usr/lib/jvm/java-8-openjdk/jre/lib/amd64/libverify.so
7f6a7b547000-7f6a7b54a000 r--p 00000000 103:03 2245040                   /usr/lib/jvm/java-8-openjdk/jre/lib/amd64/jli/libjli.so
7f6a7b54a000-7f6a7b553000 r-xp 00003000 103:03 2245040                   /usr/lib/jvm/java-8-openjdk/jre/lib/amd64/jli/libjli.so
7f6a7b553000-7f6a7b556000 r--p 0000c000 103:03 2245040                   /usr/lib/jvm/java-8-openjdk/jre/lib/amd64/jli/libjli.so
7f6a7b556000-7f6a7b557000 r--p 0000e000 103:03 2245040                   /usr/lib/jvm/java-8-openjdk/jre/lib/amd64/jli/libjli.so
7f6a7b557000-7f6a7b558000 rw-p 0000f000 103:03 2245040                   /usr/lib/jvm/java-8-openjdk/jre/lib/amd64/jli/libjli.so
7f6a7b558000-7f6a7b55a000 rw-p 00000000 00:00 0 
7f6a7b55a000-7f6a7b55b000 r--p 00000000 103:03 2100494                   /usr/lib/ld-linux-x86-64.so.2
7f6a7b55b000-7f6a7b581000 r-xp 00001000 103:03 2100494                   /usr/lib/ld-linux-x86-64.so.2
7f6a7b581000-7f6a7b58b000 r--p 00027000 103:03 2100494                   /usr/lib/ld-linux-x86-64.so.2
7f6a7b58b000-7f6a7b58d000 r--p 00031000 103:03 2100494                   /usr/lib/ld-linux-x86-64.so.2
7f6a7b58d000-7f6a7b58f000 rw-p 00033000 103:03 2100494                   /usr/lib/ld-linux-x86-64.so.2
7fffd5a4c000-7fffd5a6e000 rw-p 00000000 00:00 0                          [stack]
7fffd5b1a000-7fffd5b1e000 r--p 00000000 00:00 0                          [vvar]
7fffd5b1e000-7fffd5b20000 r-xp 00000000 00:00 0                          [vdso]
ffffffffff600000-ffffffffff601000 --xp 00000000 00:00 0                  [vsyscall]

VM Arguments:
jvm_args: -javaagent:/home/fan87/.local/share/JetBrains/Toolbox/apps/IDEA-U/ch-0/223.8214.16/lib/idea_rt.jar=43941:/home/fan87/.local/share/JetBrains/Toolbox/apps/IDEA-U/ch-0/223.8214.16/bin -Dfile.encoding=UTF-8 
java_command: AgentMain
java_class_path (initial): /usr/lib/jvm/java-8-openjdk/jre/lib/charsets.jar:/usr/lib/jvm/java-8-openjdk/jre/lib/ext/cldrdata.jar:/usr/lib/jvm/java-8-openjdk/jre/lib/ext/dnsns.jar:/usr/lib/jvm/java-8-openjdk/jre/lib/ext/jaccess.jar:/usr/lib/jvm/java-8-openjdk/jre/lib/ext/localedata.jar:/usr/lib/jvm/java-8-openjdk/jre/lib/ext/nashorn.jar:/usr/lib/jvm/java-8-openjdk/jre/lib/ext/sunec.jar:/usr/lib/jvm/java-8-openjdk/jre/lib/ext/sunjce_provider.jar:/usr/lib/jvm/java-8-openjdk/jre/lib/ext/sunpkcs11.jar:/usr/lib/jvm/java-8-openjdk/jre/lib/ext/zipfs.jar:/usr/lib/jvm/java-8-openjdk/jre/lib/jce.jar:/usr/lib/jvm/java-8-openjdk/jre/lib/jfr.jar:/usr/lib/jvm/java-8-openjdk/jre/lib/jsse.jar:/usr/lib/jvm/java-8-openjdk/jre/lib/management-agent.jar:/usr/lib/jvm/java-8-openjdk/jre/lib/resources.jar:/usr/lib/jvm/java-8-openjdk/jre/lib/rt.jar:/home/fan87/Desktop/java-injector/test-program/out/production/classes:/home/fan87/Desktop/java-injector/out/production/classes:/home/fan87/Desktop/java-injector/out/production/resources:/home/fan87/Desktop/java-injector/native-agent/out/production/classes:/home/fan87/Desktop/java-injector/native-agent/out/production/resources:/home/fan87/.gradle/caches/modules-2/files-2.1/org.ow2.asm/asm-util/9.3/9595bc05510d0bd4b610188b77333fe4851a1975/asm-util-9.3.jar:/home/fan87/.gradle/caches/modules-2/files-2.1/org.ow2.asm/asm-commons/9.3/1f2a432d1212f5c352ae607d7b61dcae20c20af5/asm-commons-9.3.jar:/home/fan87/.gradle/caches/modules-2/files-2.1/org.ow2.asm/asm/9.3/8e6300ef51c1d801a7ed62d07cd221aca3a90640/asm-9.3.jar:/home/fan87/.gradle/caches/modules-2/files-2.1/org.ow2.asm/asm-analysis/9.3/4b071f211b37c38e0e9f5998550197c8593f6ad8/asm-analysis-9.3.jar:/home/fan87/.gradle/caches/modules-2/files-2.1/org.ow2.asm/asm-tree/9.3/78d2ecd61318b5a58cd04fb237636c0e86b77d97/asm-tree-9.3.jar:/home/fan87/Desktop/java-injector/common/out/production/classes:/home/fan87/.local/share/JetBrains/Toolbox/apps/IDEA-U/ch-0/223.8214.16/lib/idea_rt.jar
Launcher Type: SUN_STANDARD

Environment Variables:
PATH=/home/fan87/.nix-profile/bin:/usr/local/sbin:/usr/local/bin:/usr/bin:/usr/bin/site_perl:/usr/bin/vendor_perl:/usr/bin/core_perl:/var/lib/snapd/snap/bin:/home/fan87/.dotnet/tools:/home/fan87/Android/Sdk/ndk-bundle/prebuilt/linux-x86_64/bin
SHELL=/usr/bin/fish
DISPLAY=:0

Signal Handlers:
SIGSEGV: [libjvm.so+0xb32b20], sa_mask[0]=11111111011111111101111111111110, sa_flags=SA_RESTART|SA_SIGINFO
SIGBUS: [libjvm.so+0xb32b20], sa_mask[0]=11111111011111111101111111111110, sa_flags=SA_RESTART|SA_SIGINFO
SIGFPE: [libjvm.so+0x972a00], sa_mask[0]=11111111011111111101111111111110, sa_flags=SA_RESTART|SA_SIGINFO
SIGPIPE: [libjvm.so+0x972a00], sa_mask[0]=11111111011111111101111111111110, sa_flags=SA_RESTART|SA_SIGINFO
SIGXFSZ: [libjvm.so+0x972a00], sa_mask[0]=11111111011111111101111111111110, sa_flags=SA_RESTART|SA_SIGINFO
SIGILL: [libjvm.so+0x972a00], sa_mask[0]=11111111011111111101111111111110, sa_flags=SA_RESTART|SA_SIGINFO
SIGUSR1: SIG_DFL, sa_mask[0]=00000000000000000000000000000000, sa_flags=none
SIGUSR2: [libjvm.so+0x972d50], sa_mask[0]=00100000000000000000000000000000, sa_flags=SA_RESTART|SA_SIGINFO
SIGHUP: [libjvm.so+0x972ca0], sa_mask[0]=11111111011111111101111111111110, sa_flags=SA_RESTART|SA_SIGINFO
SIGINT: [libjvm.so+0x972ca0], sa_mask[0]=11111111011111111101111111111110, sa_flags=SA_RESTART|SA_SIGINFO
SIGTERM: [libjvm.so+0x972ca0], sa_mask[0]=11111111011111111101111111111110, sa_flags=SA_RESTART|SA_SIGINFO
SIGQUIT: [libjvm.so+0x972ca0], sa_mask[0]=11111111011111111101111111111110, sa_flags=SA_RESTART|SA_SIGINFO


---------------  S Y S T E M  ---------------

OS:DISTRIB_ID="Arch"
DISTRIB_RELEASE="rolling"
DISTRIB_DESCRIPTION="Arch Linux"

uname:Linux 6.1.5-arch2-1 #1 SMP PREEMPT_DYNAMIC Thu, 12 Jan 2023 22:42:33 +0000 x86_64
libc:glibc 2.36 NPTL 2.36 
rlimit: STACK 8192k, CORE infinity, NPROC 95348, NOFILE 524288, AS infinity
load average:5.04 4.42 4.09

/proc/meminfo:
MemTotal:       24431628 kB
MemFree:          459656 kB
MemAvailable:    4416920 kB
Buffers:           48100 kB
Cached:          5690020 kB
SwapCached:        76236 kB
Active:         17577680 kB
Inactive:        3663440 kB
Active(anon):   15048172 kB
Inactive(anon):  2338408 kB
Active(file):    2529508 kB
Inactive(file):  1325032 kB
Unevictable:      592536 kB
Mlocked:              84 kB
SwapTotal:       8388596 kB
SwapFree:        1204688 kB
Zswap:                 0 kB
Zswapped:              0 kB
Dirty:             10988 kB
Writeback:            48 kB
AnonPages:      15359776 kB
Mapped:          1853100 kB
Shmem:           1882996 kB
KReclaimable:     504424 kB
Slab:             751016 kB
SReclaimable:     504424 kB
SUnreclaim:       246592 kB
KernelStack:       46828 kB
PageTables:       168544 kB
SecPageTables:         0 kB
NFS_Unstable:          0 kB
Bounce:                0 kB
WritebackTmp:          0 kB
CommitLimit:    20604408 kB
Committed_AS:   40539668 kB
VmallocTotal:   34359738367 kB
VmallocUsed:      168880 kB
VmallocChunk:          0 kB
Percpu:             6656 kB
HardwareCorrupted:     0 kB
AnonHugePages:   5138432 kB
ShmemHugePages:        0 kB
ShmemPmdMapped:        0 kB
FileHugePages:    116736 kB
FilePmdMapped:    116736 kB
CmaTotal:              0 kB
CmaFree:               0 kB
HugePages_Total:       0
HugePages_Free:        0
HugePages_Rsvd:        0
HugePages_Surp:        0
Hugepagesize:       2048 kB
Hugetlb:               0 kB
DirectMap4k:      780980 kB
DirectMap2M:    18958336 kB
DirectMap1G:     6291456 kB


CPU:total 8 (initial active 8) (4 cores per cpu, 2 threads per core) family 6 model 165 stepping 2, cmov, cx8, fxsr, mmx, sse, sse2, sse3, ssse3, sse4.1, sse4.2, popcnt, avx, avx2, aes, clmul, erms, 3dnowpref, lzcnt, ht, tsc, tscinvbit, bmi1, bmi2, adx

/proc/cpuinfo:
processor	: 0
vendor_id	: GenuineIntel
cpu family	: 6
model		: 165
model name	: Intel(R) Core(TM) i5-10300H CPU @ 2.50GHz
stepping	: 2
microcode	: 0xf4
cpu MHz		: 3499.963
cache size	: 8192 KB
physical id	: 0
siblings	: 8
core id		: 0
cpu cores	: 4
apicid		: 0
initial apicid	: 0
fpu		: yes
fpu_exception	: yes
cpuid level	: 22
wp		: yes
flags		: fpu vme de pse tsc msr pae mce cx8 apic sep mtrr pge mca cmov pat pse36 clflush dts acpi mmx fxsr sse sse2 ss ht tm pbe syscall nx pdpe1gb rdtscp lm constant_tsc art arch_perfmon pebs bts rep_good nopl xtopology nonstop_tsc cpuid aperfmperf pni pclmulqdq dtes64 monitor ds_cpl vmx est tm2 ssse3 sdbg fma cx16 xtpr pdcm pcid sse4_1 sse4_2 x2apic movbe popcnt tsc_deadline_timer aes xsave avx f16c rdrand lahf_lm abm 3dnowprefetch cpuid_fault epb invpcid_single ssbd ibrs ibpb stibp ibrs_enhanced tpr_shadow vnmi flexpriority ept vpid ept_ad fsgsbase tsc_adjust bmi1 avx2 smep bmi2 erms invpcid mpx rdseed adx smap clflushopt intel_pt xsaveopt xsavec xgetbv1 xsaves dtherm ida arat pln pts hwp hwp_notify hwp_act_window hwp_epp pku ospke md_clear flush_l1d arch_capabilities
vmx flags	: vnmi preemption_timer posted_intr invvpid ept_x_only ept_ad ept_1gb flexpriority apicv tsc_offset vtpr mtf vapic ept vpid unrestricted_guest vapic_reg vid ple pml ept_mode_based_exec
bugs		: spectre_v1 spectre_v2 spec_store_bypass swapgs itlb_multihit srbds mmio_stale_data retbleed eibrs_pbrsb
bogomips	: 5001.23
clflush size	: 64
cache_alignment	: 64
address sizes	: 39 bits physical, 48 bits virtual
power management:

processor	: 1
vendor_id	: GenuineIntel
cpu family	: 6
model		: 165
model name	: Intel(R) Core(TM) i5-10300H CPU @ 2.50GHz
stepping	: 2
microcode	: 0xf4
cpu MHz		: 3499.987
cache size	: 8192 KB
physical id	: 0
siblings	: 8
core id		: 1
cpu cores	: 4
apicid		: 2
initial apicid	: 2
fpu		: yes
fpu_exception	: yes
cpuid level	: 22
wp		: yes
flags		: fpu vme de pse tsc msr pae mce cx8 apic sep mtrr pge mca cmov pat pse36 clflush dts acpi mmx fxsr sse sse2 ss ht tm pbe syscall nx pdpe1gb rdtscp lm constant_tsc art arch_perfmon pebs bts rep_good nopl xtopology nonstop_tsc cpuid aperfmperf pni pclmulqdq dtes64 monitor ds_cpl vmx est tm2 ssse3 sdbg fma cx16 xtpr pdcm pcid sse4_1 sse4_2 x2apic movbe popcnt tsc_deadline_timer aes xsave avx f16c rdrand lahf_lm abm 3dnowprefetch cpuid_fault epb invpcid_single ssbd ibrs ibpb stibp ibrs_enhanced tpr_shadow vnmi flexpriority ept vpid ept_ad fsgsbase tsc_adjust bmi1 avx2 smep bmi2 erms invpcid mpx rdseed adx smap clflushopt intel_pt xsaveopt xsavec xgetbv1 xsaves dtherm ida arat pln pts hwp hwp_notify hwp_act_window hwp_epp pku ospke md_clear flush_l1d arch_capabilities
vmx flags	: vnmi preemption_timer posted_intr invvpid ept_x_only ept_ad ept_1gb flexpriority apicv tsc_offset vtpr mtf vapic ept vpid unrestricted_guest vapic_reg vid ple pml ept_mode_based_exec
bugs		: spectre_v1 spectre_v2 spec_store_bypass swapgs itlb_multihit srbds mmio_stale_data retbleed eibrs_pbrsb
bogomips	: 5001.23
clflush size	: 64
cache_alignment	: 64
address sizes	: 39 bits physical, 48 bits virtual
power management:

processor	: 2
vendor_id	: GenuineIntel
cpu family	: 6
model		: 165
model name	: Intel(R) Core(TM) i5-10300H CPU @ 2.50GHz
stepping	: 2
microcode	: 0xf4
cpu MHz		: 3421.959
cache size	: 8192 KB
physical id	: 0
siblings	: 8
core id		: 2
cpu cores	: 4
apicid		: 4
initial apicid	: 4
fpu		: yes
fpu_exception	: yes
cpuid level	: 22
wp		: yes
flags		: fpu vme de pse tsc msr pae mce cx8 apic sep mtrr pge mca cmov pat pse36 clflush dts acpi mmx fxsr sse sse2 ss ht tm pbe syscall nx pdpe1gb rdtscp lm constant_tsc art arch_perfmon pebs bts rep_good nopl xtopology nonstop_tsc cpuid aperfmperf pni pclmulqdq dtes64 monitor ds_cpl vmx est tm2 ssse3 sdbg fma cx16 xtpr pdcm pcid sse4_1 sse4_2 x2apic movbe popcnt tsc_deadline_timer aes xsave avx f16c rdrand lahf_lm abm 3dnowprefetch cpuid_fault epb invpcid_single ssbd ibrs ibpb stibp ibrs_enhanced tpr_shadow vnmi flexpriority ept vpid ept_ad fsgsbase tsc_adjust bmi1 avx2 smep bmi2 erms invpcid mpx rdseed adx smap clflushopt intel_pt xsaveopt xsavec xgetbv1 xsaves dtherm ida arat pln pts hwp hwp_notify hwp_act_window hwp_epp pku ospke md_clear flush_l1d arch_capabilities
vmx flags	: vnmi preemption_timer posted_intr invvpid ept_x_only ept_ad ept_1gb flexpriority apicv tsc_offset vtpr mtf vapic ept vpid unrestricted_guest vapic_reg vid ple pml ept_mode_based_exec
bugs		: spectre_v1 spectre_v2 spec_store_bypass swapgs itlb_multihit srbds mmio_stale_data retbleed eibrs_pbrsb
bogomips	: 5001.23
clflush size	: 64
cache_alignment	: 64
address sizes	: 39 bits physical, 48 bits virtual
power management:

processor	: 3
vendor_id	: GenuineIntel
cpu family	: 6
model		: 165
model name	: Intel(R) Core(TM) i5-10300H CPU @ 2.50GHz
stepping	: 2
microcode	: 0xf4
cpu MHz		: 3420.735
cache size	: 8192 KB
physical id	: 0
siblings	: 8
core id		: 3
cpu cores	: 4
apicid		: 6
initial apicid	: 6
fpu		: yes
fpu_exception	: yes
cpuid level	: 22
wp		: yes
flags		: fpu vme de pse tsc msr pae mce cx8 apic sep mtrr pge mca cmov pat pse36 clflush dts acpi mmx fxsr sse sse2 ss ht tm pbe syscall nx pdpe1gb rdtscp lm constant_tsc art arch_perfmon pebs bts rep_good nopl xtopology nonstop_tsc cpuid aperfmperf pni pclmulqdq dtes64 monitor ds_cpl vmx est tm2 ssse3 sdbg fma cx16 xtpr pdcm pcid sse4_1 sse4_2 x2apic movbe popcnt tsc_deadline_timer aes xsave avx f16c rdrand lahf_lm abm 3dnowprefetch cpuid_fault epb invpcid_single ssbd ibrs ibpb stibp ibrs_enhanced tpr_shadow vnmi flexpriority ept vpid ept_ad fsgsbase tsc_adjust bmi1 avx2 smep bmi2 erms invpcid mpx rdseed adx smap clflushopt intel_pt xsaveopt xsavec xgetbv1 xsaves dtherm ida arat pln pts hwp hwp_notify hwp_act_window hwp_epp pku ospke md_clear flush_l1d arch_capabilities
vmx flags	: vnmi preemption_timer posted_intr invvpid ept_x_only ept_ad ept_1gb flexpriority apicv tsc_offset vtpr mtf vapic ept vpid unrestricted_guest vapic_reg vid ple pml ept_mode_based_exec
bugs		: spectre_v1 spectre_v2 spec_store_bypass swapgs itlb_multihit srbds mmio_stale_data retbleed eibrs_pbrsb
bogomips	: 5001.23
clflush size	: 64
cache_alignment	: 64
address sizes	: 39 bits physical, 48 bits virtual
power management:

processor	: 4
vendor_id	: GenuineIntel
cpu family	: 6
model		: 165
model name	: Intel(R) Core(TM) i5-10300H CPU @ 2.50GHz
stepping	: 2
microcode	: 0xf4
cpu MHz		: 3422.237
cache size	: 8192 KB
physical id	: 0
siblings	: 8
core id		: 0
cpu cores	: 4
apicid		: 1
initial apicid	: 1
fpu		: yes
fpu_exception	: yes
cpuid level	: 22
wp		: yes
flags		: fpu vme de pse tsc msr pae mce cx8 apic sep mtrr pge mca cmov pat pse36 clflush dts acpi mmx fxsr sse sse2 ss ht tm pbe syscall nx pdpe1gb rdtscp lm constant_tsc art arch_perfmon pebs bts rep_good nopl xtopology nonstop_tsc cpuid aperfmperf pni pclmulqdq dtes64 monitor ds_cpl vmx est tm2 ssse3 sdbg fma cx16 xtpr pdcm pcid sse4_1 sse4_2 x2apic movbe popcnt tsc_deadline_timer aes xsave avx f16c rdrand lahf_lm abm 3dnowprefetch cpuid_fault epb invpcid_single ssbd ibrs ibpb stibp ibrs_enhanced tpr_shadow vnmi flexpriority ept vpid ept_ad fsgsbase tsc_adjust bmi1 avx2 smep bmi2 erms invpcid mpx rdseed adx smap clflushopt intel_pt xsaveopt xsavec xgetbv1 xsaves dtherm ida arat pln pts hwp hwp_notify hwp_act_window hwp_epp pku ospke md_clear flush_l1d arch_capabilities
vmx flags	: vnmi preemption_timer posted_intr invvpid ept_x_only ept_ad ept_1gb flexpriority apicv tsc_offset vtpr mtf vapic ept vpid unrestricted_guest vapic_reg vid ple pml ept_mode_based_exec
bugs		: spectre_v1 spectre_v2 spec_store_bypass swapgs itlb_multihit srbds mmio_stale_data retbleed eibrs_pbrsb
bogomips	: 5001.23
clflush size	: 64
cache_alignment	: 64
address sizes	: 39 bits physical, 48 bits virtual
power management:

processor	: 5
vendor_id	: GenuineIntel
cpu family	: 6
model		: 165
model name	: Intel(R) Core(TM) i5-10300H CPU @ 2.50GHz
stepping	: 2
microcode	: 0xf4
cpu MHz		: 3422.628
cache size	: 8192 KB
physical id	: 0
siblings	: 8
core id		: 1
cpu cores	: 4
apicid		: 3
initial apicid	: 3
fpu		: yes
fpu_exception	: yes
cpuid level	: 22
wp		: yes
flags		: fpu vme de pse tsc msr pae mce cx8 apic sep mtrr pge mca cmov pat pse36 clflush dts acpi mmx fxsr sse sse2 ss ht tm pbe syscall nx pdpe1gb rdtscp lm constant_tsc art arch_perfmon pebs bts rep_good nopl xtopology nonstop_tsc cpuid aperfmperf pni pclmulqdq dtes64 monitor ds_cpl vmx est tm2 ssse3 sdbg fma cx16 xtpr pdcm pcid sse4_1 sse4_2 x2apic movbe popcnt tsc_deadline_timer aes xsave avx f16c rdrand lahf_lm abm 3dnowprefetch cpuid_fault epb invpcid_single ssbd ibrs ibpb stibp ibrs_enhanced tpr_shadow vnmi flexpriority ept vpid ept_ad fsgsbase tsc_adjust bmi1 avx2 smep bmi2 erms invpcid mpx rdseed adx smap clflushopt intel_pt xsaveopt xsavec xgetbv1 xsaves dtherm ida arat pln pts hwp hwp_notify hwp_act_window hwp_epp pku ospke md_clear flush_l1d arch_capabilities
vmx flags	: vnmi preemption_timer posted_intr invvpid ept_x_only ept_ad ept_1gb flexpriority apicv tsc_offset vtpr mtf vapic ept vpid unrestricted_guest vapic_reg vid ple pml ept_mode_based_exec
bugs		: spectre_v1 spectre_v2 spec_store_bypass swapgs itlb_multihit srbds mmio_stale_data retbleed eibrs_pbrsb
bogomips	: 5001.23
clflush size	: 64
cache_alignment	: 64
address sizes	: 39 bits physical, 48 bits virtual
power management:

processor	: 6
vendor_id	: GenuineIntel
cpu family	: 6
model		: 165
model name	: Intel(R) Core(TM) i5-10300H CPU @ 2.50GHz
stepping	: 2
microcode	: 0xf4
cpu MHz		: 3423.563
cache size	: 8192 KB
physical id	: 0
siblings	: 8
core id		: 2
cpu cores	: 4
apicid		: 5
initial apicid	: 5
fpu		: yes
fpu_exception	: yes
cpuid level	: 22
wp		: yes
flags		: fpu vme de pse tsc msr pae mce cx8 apic sep mtrr pge mca cmov pat pse36 clflush dts acpi mmx fxsr sse sse2 ss ht tm pbe syscall nx pdpe1gb rdtscp lm constant_tsc art arch_perfmon pebs bts rep_good nopl xtopology nonstop_tsc cpuid aperfmperf pni pclmulqdq dtes64 monitor ds_cpl vmx est tm2 ssse3 sdbg fma cx16 xtpr pdcm pcid sse4_1 sse4_2 x2apic movbe popcnt tsc_deadline_timer aes xsave avx f16c rdrand lahf_lm abm 3dnowprefetch cpuid_fault epb invpcid_single ssbd ibrs ibpb stibp ibrs_enhanced tpr_shadow vnmi flexpriority ept vpid ept_ad fsgsbase tsc_adjust bmi1 avx2 smep bmi2 erms invpcid mpx rdseed adx smap clflushopt intel_pt xsaveopt xsavec xgetbv1 xsaves dtherm ida arat pln pts hwp hwp_notify hwp_act_window hwp_epp pku ospke md_clear flush_l1d arch_capabilities
vmx flags	: vnmi preemption_timer posted_intr invvpid ept_x_only ept_ad ept_1gb flexpriority apicv tsc_offset vtpr mtf vapic ept vpid unrestricted_guest vapic_reg vid ple pml ept_mode_based_exec
bugs		: spectre_v1 spectre_v2 spec_store_bypass swapgs itlb_multihit srbds mmio_stale_data retbleed eibrs_pbrsb
bogomips	: 5001.23
clflush size	: 64
cache_alignment	: 64
address sizes	: 39 bits physical, 48 bits virtual
power management:

processor	: 7
vendor_id	: GenuineIntel
cpu family	: 6
model		: 165
model name	: Intel(R) Core(TM) i5-10300H CPU @ 2.50GHz
stepping	: 2
microcode	: 0xf4
cpu MHz		: 3422.745
cache size	: 8192 KB
physical id	: 0
siblings	: 8
core id		: 3
cpu cores	: 4
apicid		: 7
initial apicid	: 7
fpu		: yes
fpu_exception	: yes
cpuid level	: 22
wp		: yes
flags		: fpu vme de pse tsc msr pae mce cx8 apic sep mtrr pge mca cmov pat pse36 clflush dts acpi mmx fxsr sse sse2 ss ht tm pbe syscall nx pdpe1gb rdtscp lm constant_tsc art arch_perfmon pebs bts rep_good nopl xtopology nonstop_tsc cpuid aperfmperf pni pclmulqdq dtes64 monitor ds_cpl vmx est tm2 ssse3 sdbg fma cx16 xtpr pdcm pcid sse4_1 sse4_2 x2apic movbe popcnt tsc_deadline_timer aes xsave avx f16c rdrand lahf_lm abm 3dnowprefetch cpuid_fault epb invpcid_single ssbd ibrs ibpb stibp ibrs_enhanced tpr_shadow vnmi flexpriority ept vpid ept_ad fsgsbase tsc_adjust bmi1 avx2 smep bmi2 erms invpcid mpx rdseed adx smap clflushopt intel_pt xsaveopt xsavec xgetbv1 xsaves dtherm ida arat pln pts hwp hwp_notify hwp_act_window hwp_epp pku ospke md_clear flush_l1d arch_capabilities
vmx flags	: vnmi preemption_timer posted_intr invvpid ept_x_only ept_ad ept_1gb flexpriority apicv tsc_offset vtpr mtf vapic ept vpid unrestricted_guest vapic_reg vid ple pml ept_mode_based_exec
bugs		: spectre_v1 spectre_v2 spec_store_bypass swapgs itlb_multihit srbds mmio_stale_data retbleed eibrs_pbrsb
bogomips	: 5001.23
clflush size	: 64
cache_alignment	: 64
address sizes	: 39 bits physical, 48 bits virtual
power management:



Memory: 4k page, physical 24431628k(459152k free), swap 8388596k(1204688k free)

vm_info: OpenJDK 64-Bit Server VM (25.352-b08) for linux-amd64 JRE (1.8.0_352-b08), built on Nov 23 2022 09:04:13 by "builduser" with gcc 12.2.0

time: Sun Jan 22 04:12:25 2023
timezone: CST
elapsed time: 0.108956 seconds (0d 0h 0m 0s)

